[2024-07-20 06:00:44] local.ERROR: could not find driver (Connection: pgsql, SQL: insert into "telescope_entries" ("batch_id", "content", "created_at", "family_hash", "type", "uuid") values (9c90c0d5-ac9b-4772-aa25-8bf23e0a3cdc, {"command":"storage:link","exit_code":0,"arguments":{"command":"storage:link"},"options":{"relative":false,"force":false,"help":false,"quiet":false,"verbose":false,"version":false,"ansi":null,"no-interaction":false,"env":null},"hostname":"edinstvenij-Zenbook-UX425QA-UM425QA"}, 2024-07-20 06:00:44, ?, command, 9c90c0d5-a809-45d5-a0c7-4e4d6a630b08)) {"exception":"[object] (Illuminate\\Database\\QueryException(code: 0): could not find driver (Connection: pgsql, SQL: insert into \"telescope_entries\" (\"batch_id\", \"content\", \"created_at\", \"family_hash\", \"type\", \"uuid\") values (9c90c0d5-ac9b-4772-aa25-8bf23e0a3cdc, {\"command\":\"storage:link\",\"exit_code\":0,\"arguments\":{\"command\":\"storage:link\"},\"options\":{\"relative\":false,\"force\":false,\"help\":false,\"quiet\":false,\"verbose\":false,\"version\":false,\"ansi\":null,\"no-interaction\":false,\"env\":null},\"hostname\":\"edinstvenij-Zenbook-UX425QA-UM425QA\"}, 2024-07-20 06:00:44, ?, command, 9c90c0d5-a809-45d5-a0c7-4e4d6a630b08)) at /home/edinstvenij/PhpstormProjects/Laravel_05_24/vendor/laravel/framework/src/Illuminate/Database/Connection.php:813)
[stacktrace]
#0 /home/edinstvenij/PhpstormProjects/Laravel_05_24/vendor/laravel/framework/src/Illuminate/Database/Connection.php(767): Illuminate\\Database\\Connection->runQueryCallback()
#1 /home/edinstvenij/PhpstormProjects/Laravel_05_24/vendor/laravel/framework/src/Illuminate/Database/Connection.php(560): Illuminate\\Database\\Connection->run()
#2 /home/edinstvenij/PhpstormProjects/Laravel_05_24/vendor/laravel/framework/src/Illuminate/Database/Connection.php(524): Illuminate\\Database\\Connection->statement()
#3 /home/edinstvenij/PhpstormProjects/Laravel_05_24/vendor/laravel/framework/src/Illuminate/Database/Query/Builder.php(3611): Illuminate\\Database\\Connection->insert()
#4 /home/edinstvenij/PhpstormProjects/Laravel_05_24/vendor/laravel/telescope/src/Storage/DatabaseEntriesRepository.php(145): Illuminate\\Database\\Query\\Builder->insert()
#5 /home/edinstvenij/PhpstormProjects/Laravel_05_24/vendor/laravel/framework/src/Illuminate/Collections/Traits/EnumeratesValues.php(259): Laravel\\Telescope\\Storage\\DatabaseEntriesRepository->Laravel\\Telescope\\Storage\\{closure}()
#6 /home/edinstvenij/PhpstormProjects/Laravel_05_24/vendor/laravel/telescope/src/Storage/DatabaseEntriesRepository.php(144): Illuminate\\Support\\Collection->each()
#7 /home/edinstvenij/PhpstormProjects/Laravel_05_24/vendor/laravel/telescope/src/Telescope.php(661): Laravel\\Telescope\\Storage\\DatabaseEntriesRepository->store()
#8 [internal function]: Laravel\\Telescope\\Telescope::Laravel\\Telescope\\{closure}()
#9 /home/edinstvenij/PhpstormProjects/Laravel_05_24/vendor/laravel/telescope/src/Telescope.php(286): call_user_func()
#10 /home/edinstvenij/PhpstormProjects/Laravel_05_24/vendor/laravel/telescope/src/Telescope.php(653): Laravel\\Telescope\\Telescope::withoutRecording()
#11 /home/edinstvenij/PhpstormProjects/Laravel_05_24/vendor/laravel/telescope/src/ListensForStorageOpportunities.php(65): Laravel\\Telescope\\Telescope::store()
#12 /home/edinstvenij/PhpstormProjects/Laravel_05_24/vendor/laravel/framework/src/Illuminate/Container/BoundMethod.php(36): Laravel\\Telescope\\Telescope::Laravel\\Telescope\\{closure}()
#13 /home/edinstvenij/PhpstormProjects/Laravel_05_24/vendor/laravel/framework/src/Illuminate/Container/Util.php(41): Illuminate\\Container\\BoundMethod::Illuminate\\Container\\{closure}()
#14 /home/edinstvenij/PhpstormProjects/Laravel_05_24/vendor/laravel/framework/src/Illuminate/Container/BoundMethod.php(81): Illuminate\\Container\\Util::unwrapIfClosure()
#15 /home/edinstvenij/PhpstormProjects/Laravel_05_24/vendor/laravel/framework/src/Illuminate/Container/BoundMethod.php(35): Illuminate\\Container\\BoundMethod::callBoundMethod()
#16 /home/edinstvenij/PhpstormProjects/Laravel_05_24/vendor/laravel/framework/src/Illuminate/Container/Container.php(690): Illuminate\\Container\\BoundMethod::call()
#17 /home/edinstvenij/PhpstormProjects/Laravel_05_24/vendor/laravel/framework/src/Illuminate/Foundation/Application.php(1420): Illuminate\\Container\\Container->call()
#18 /home/edinstvenij/PhpstormProjects/Laravel_05_24/vendor/laravel/framework/src/Illuminate/Foundation/Console/Kernel.php(215): Illuminate\\Foundation\\Application->terminate()
#19 /home/edinstvenij/PhpstormProjects/Laravel_05_24/vendor/laravel/framework/src/Illuminate/Foundation/Application.php(1208): Illuminate\\Foundation\\Console\\Kernel->terminate()
#20 /home/edinstvenij/PhpstormProjects/Laravel_05_24/artisan(13): Illuminate\\Foundation\\Application->handleCommand()
#21 {main}

[previous exception] [object] (PDOException(code: 0): could not find driver at /home/edinstvenij/PhpstormProjects/Laravel_05_24/vendor/laravel/framework/src/Illuminate/Database/Connectors/Connector.php:65)
[stacktrace]
#0 /home/edinstvenij/PhpstormProjects/Laravel_05_24/vendor/laravel/framework/src/Illuminate/Database/Connectors/Connector.php(65): PDO->__construct()
#1 /home/edinstvenij/PhpstormProjects/Laravel_05_24/vendor/laravel/framework/src/Illuminate/Database/Connectors/Connector.php(44): Illuminate\\Database\\Connectors\\Connector->createPdoConnection()
#2 /home/edinstvenij/PhpstormProjects/Laravel_05_24/vendor/laravel/framework/src/Illuminate/Database/Connectors/PostgresConnector.php(35): Illuminate\\Database\\Connectors\\Connector->createConnection()
#3 /home/edinstvenij/PhpstormProjects/Laravel_05_24/vendor/laravel/framework/src/Illuminate/Database/Connectors/ConnectionFactory.php(185): Illuminate\\Database\\Connectors\\PostgresConnector->connect()
#4 [internal function]: Illuminate\\Database\\Connectors\\ConnectionFactory->Illuminate\\Database\\Connectors\\{closure}()
#5 /home/edinstvenij/PhpstormProjects/Laravel_05_24/vendor/laravel/framework/src/Illuminate/Database/Connection.php(1219): call_user_func()
#6 /home/edinstvenij/PhpstormProjects/Laravel_05_24/vendor/laravel/framework/src/Illuminate/Database/Connection.php(565): Illuminate\\Database\\Connection->getPdo()
#7 /home/edinstvenij/PhpstormProjects/Laravel_05_24/vendor/laravel/framework/src/Illuminate/Database/Connection.php(800): Illuminate\\Database\\Connection->Illuminate\\Database\\{closure}()
#8 /home/edinstvenij/PhpstormProjects/Laravel_05_24/vendor/laravel/framework/src/Illuminate/Database/Connection.php(767): Illuminate\\Database\\Connection->runQueryCallback()
#9 /home/edinstvenij/PhpstormProjects/Laravel_05_24/vendor/laravel/framework/src/Illuminate/Database/Connection.php(560): Illuminate\\Database\\Connection->run()
#10 /home/edinstvenij/PhpstormProjects/Laravel_05_24/vendor/laravel/framework/src/Illuminate/Database/Connection.php(524): Illuminate\\Database\\Connection->statement()
#11 /home/edinstvenij/PhpstormProjects/Laravel_05_24/vendor/laravel/framework/src/Illuminate/Database/Query/Builder.php(3611): Illuminate\\Database\\Connection->insert()
#12 /home/edinstvenij/PhpstormProjects/Laravel_05_24/vendor/laravel/telescope/src/Storage/DatabaseEntriesRepository.php(145): Illuminate\\Database\\Query\\Builder->insert()
#13 /home/edinstvenij/PhpstormProjects/Laravel_05_24/vendor/laravel/framework/src/Illuminate/Collections/Traits/EnumeratesValues.php(259): Laravel\\Telescope\\Storage\\DatabaseEntriesRepository->Laravel\\Telescope\\Storage\\{closure}()
#14 /home/edinstvenij/PhpstormProjects/Laravel_05_24/vendor/laravel/telescope/src/Storage/DatabaseEntriesRepository.php(144): Illuminate\\Support\\Collection->each()
#15 /home/edinstvenij/PhpstormProjects/Laravel_05_24/vendor/laravel/telescope/src/Telescope.php(661): Laravel\\Telescope\\Storage\\DatabaseEntriesRepository->store()
#16 [internal function]: Laravel\\Telescope\\Telescope::Laravel\\Telescope\\{closure}()
#17 /home/edinstvenij/PhpstormProjects/Laravel_05_24/vendor/laravel/telescope/src/Telescope.php(286): call_user_func()
#18 /home/edinstvenij/PhpstormProjects/Laravel_05_24/vendor/laravel/telescope/src/Telescope.php(653): Laravel\\Telescope\\Telescope::withoutRecording()
#19 /home/edinstvenij/PhpstormProjects/Laravel_05_24/vendor/laravel/telescope/src/ListensForStorageOpportunities.php(65): Laravel\\Telescope\\Telescope::store()
#20 /home/edinstvenij/PhpstormProjects/Laravel_05_24/vendor/laravel/framework/src/Illuminate/Container/BoundMethod.php(36): Laravel\\Telescope\\Telescope::Laravel\\Telescope\\{closure}()
#21 /home/edinstvenij/PhpstormProjects/Laravel_05_24/vendor/laravel/framework/src/Illuminate/Container/Util.php(41): Illuminate\\Container\\BoundMethod::Illuminate\\Container\\{closure}()
#22 /home/edinstvenij/PhpstormProjects/Laravel_05_24/vendor/laravel/framework/src/Illuminate/Container/BoundMethod.php(81): Illuminate\\Container\\Util::unwrapIfClosure()
#23 /home/edinstvenij/PhpstormProjects/Laravel_05_24/vendor/laravel/framework/src/Illuminate/Container/BoundMethod.php(35): Illuminate\\Container\\BoundMethod::callBoundMethod()
#24 /home/edinstvenij/PhpstormProjects/Laravel_05_24/vendor/laravel/framework/src/Illuminate/Container/Container.php(690): Illuminate\\Container\\BoundMethod::call()
#25 /home/edinstvenij/PhpstormProjects/Laravel_05_24/vendor/laravel/framework/src/Illuminate/Foundation/Application.php(1420): Illuminate\\Container\\Container->call()
#26 /home/edinstvenij/PhpstormProjects/Laravel_05_24/vendor/laravel/framework/src/Illuminate/Foundation/Console/Kernel.php(215): Illuminate\\Foundation\\Application->terminate()
#27 /home/edinstvenij/PhpstormProjects/Laravel_05_24/vendor/laravel/framework/src/Illuminate/Foundation/Application.php(1208): Illuminate\\Foundation\\Console\\Kernel->terminate()
#28 /home/edinstvenij/PhpstormProjects/Laravel_05_24/artisan(13): Illuminate\\Foundation\\Application->handleCommand()
#29 {main}
"} 
[2024-07-20 06:11:19] local.ERROR: could not find driver (Connection: pgsql, SQL: insert into "telescope_entries" ("batch_id", "content", "created_at", "family_hash", "type", "uuid") values (9c90c49e-56b5-43e6-89ef-56a2b2fb0933, {"command":"config:cache","exit_code":0,"arguments":{"command":"config:cache"},"options":{"help":false,"quiet":false,"verbose":false,"version":false,"ansi":null,"no-interaction":false,"env":null},"hostname":"edinstvenij-Zenbook-UX425QA-UM425QA"}, 2024-07-20 06:11:19, ?, command, 9c90c49e-5557-4bbb-9b0f-7cb68b3665a0)) {"exception":"[object] (Illuminate\\Database\\QueryException(code: 0): could not find driver (Connection: pgsql, SQL: insert into \"telescope_entries\" (\"batch_id\", \"content\", \"created_at\", \"family_hash\", \"type\", \"uuid\") values (9c90c49e-56b5-43e6-89ef-56a2b2fb0933, {\"command\":\"config:cache\",\"exit_code\":0,\"arguments\":{\"command\":\"config:cache\"},\"options\":{\"help\":false,\"quiet\":false,\"verbose\":false,\"version\":false,\"ansi\":null,\"no-interaction\":false,\"env\":null},\"hostname\":\"edinstvenij-Zenbook-UX425QA-UM425QA\"}, 2024-07-20 06:11:19, ?, command, 9c90c49e-5557-4bbb-9b0f-7cb68b3665a0)) at /home/edinstvenij/PhpstormProjects/Laravel_05_24/vendor/laravel/framework/src/Illuminate/Database/Connection.php:813)
[stacktrace]
#0 /home/edinstvenij/PhpstormProjects/Laravel_05_24/vendor/laravel/framework/src/Illuminate/Database/Connection.php(767): Illuminate\\Database\\Connection->runQueryCallback()
#1 /home/edinstvenij/PhpstormProjects/Laravel_05_24/vendor/laravel/framework/src/Illuminate/Database/Connection.php(560): Illuminate\\Database\\Connection->run()
#2 /home/edinstvenij/PhpstormProjects/Laravel_05_24/vendor/laravel/framework/src/Illuminate/Database/Connection.php(524): Illuminate\\Database\\Connection->statement()
#3 /home/edinstvenij/PhpstormProjects/Laravel_05_24/vendor/laravel/framework/src/Illuminate/Database/Query/Builder.php(3611): Illuminate\\Database\\Connection->insert()
#4 /home/edinstvenij/PhpstormProjects/Laravel_05_24/vendor/laravel/telescope/src/Storage/DatabaseEntriesRepository.php(145): Illuminate\\Database\\Query\\Builder->insert()
#5 /home/edinstvenij/PhpstormProjects/Laravel_05_24/vendor/laravel/framework/src/Illuminate/Collections/Traits/EnumeratesValues.php(259): Laravel\\Telescope\\Storage\\DatabaseEntriesRepository->Laravel\\Telescope\\Storage\\{closure}()
#6 /home/edinstvenij/PhpstormProjects/Laravel_05_24/vendor/laravel/telescope/src/Storage/DatabaseEntriesRepository.php(144): Illuminate\\Support\\Collection->each()
#7 /home/edinstvenij/PhpstormProjects/Laravel_05_24/vendor/laravel/telescope/src/Telescope.php(661): Laravel\\Telescope\\Storage\\DatabaseEntriesRepository->store()
#8 [internal function]: Laravel\\Telescope\\Telescope::Laravel\\Telescope\\{closure}()
#9 /home/edinstvenij/PhpstormProjects/Laravel_05_24/vendor/laravel/telescope/src/Telescope.php(286): call_user_func()
#10 /home/edinstvenij/PhpstormProjects/Laravel_05_24/vendor/laravel/telescope/src/Telescope.php(653): Laravel\\Telescope\\Telescope::withoutRecording()
#11 /home/edinstvenij/PhpstormProjects/Laravel_05_24/vendor/laravel/telescope/src/ListensForStorageOpportunities.php(65): Laravel\\Telescope\\Telescope::store()
#12 /home/edinstvenij/PhpstormProjects/Laravel_05_24/vendor/laravel/framework/src/Illuminate/Container/BoundMethod.php(36): Laravel\\Telescope\\Telescope::Laravel\\Telescope\\{closure}()
#13 /home/edinstvenij/PhpstormProjects/Laravel_05_24/vendor/laravel/framework/src/Illuminate/Container/Util.php(41): Illuminate\\Container\\BoundMethod::Illuminate\\Container\\{closure}()
#14 /home/edinstvenij/PhpstormProjects/Laravel_05_24/vendor/laravel/framework/src/Illuminate/Container/BoundMethod.php(81): Illuminate\\Container\\Util::unwrapIfClosure()
#15 /home/edinstvenij/PhpstormProjects/Laravel_05_24/vendor/laravel/framework/src/Illuminate/Container/BoundMethod.php(35): Illuminate\\Container\\BoundMethod::callBoundMethod()
#16 /home/edinstvenij/PhpstormProjects/Laravel_05_24/vendor/laravel/framework/src/Illuminate/Container/Container.php(690): Illuminate\\Container\\BoundMethod::call()
#17 /home/edinstvenij/PhpstormProjects/Laravel_05_24/vendor/laravel/framework/src/Illuminate/Foundation/Application.php(1420): Illuminate\\Container\\Container->call()
#18 /home/edinstvenij/PhpstormProjects/Laravel_05_24/vendor/laravel/framework/src/Illuminate/Foundation/Console/Kernel.php(215): Illuminate\\Foundation\\Application->terminate()
#19 /home/edinstvenij/PhpstormProjects/Laravel_05_24/vendor/laravel/framework/src/Illuminate/Foundation/Application.php(1208): Illuminate\\Foundation\\Console\\Kernel->terminate()
#20 /home/edinstvenij/PhpstormProjects/Laravel_05_24/artisan(13): Illuminate\\Foundation\\Application->handleCommand()
#21 {main}

[previous exception] [object] (PDOException(code: 0): could not find driver at /home/edinstvenij/PhpstormProjects/Laravel_05_24/vendor/laravel/framework/src/Illuminate/Database/Connectors/Connector.php:65)
[stacktrace]
#0 /home/edinstvenij/PhpstormProjects/Laravel_05_24/vendor/laravel/framework/src/Illuminate/Database/Connectors/Connector.php(65): PDO->__construct()
#1 /home/edinstvenij/PhpstormProjects/Laravel_05_24/vendor/laravel/framework/src/Illuminate/Database/Connectors/Connector.php(44): Illuminate\\Database\\Connectors\\Connector->createPdoConnection()
#2 /home/edinstvenij/PhpstormProjects/Laravel_05_24/vendor/laravel/framework/src/Illuminate/Database/Connectors/PostgresConnector.php(35): Illuminate\\Database\\Connectors\\Connector->createConnection()
#3 /home/edinstvenij/PhpstormProjects/Laravel_05_24/vendor/laravel/framework/src/Illuminate/Database/Connectors/ConnectionFactory.php(185): Illuminate\\Database\\Connectors\\PostgresConnector->connect()
#4 [internal function]: Illuminate\\Database\\Connectors\\ConnectionFactory->Illuminate\\Database\\Connectors\\{closure}()
#5 /home/edinstvenij/PhpstormProjects/Laravel_05_24/vendor/laravel/framework/src/Illuminate/Database/Connection.php(1219): call_user_func()
#6 /home/edinstvenij/PhpstormProjects/Laravel_05_24/vendor/laravel/framework/src/Illuminate/Database/Connection.php(565): Illuminate\\Database\\Connection->getPdo()
#7 /home/edinstvenij/PhpstormProjects/Laravel_05_24/vendor/laravel/framework/src/Illuminate/Database/Connection.php(800): Illuminate\\Database\\Connection->Illuminate\\Database\\{closure}()
#8 /home/edinstvenij/PhpstormProjects/Laravel_05_24/vendor/laravel/framework/src/Illuminate/Database/Connection.php(767): Illuminate\\Database\\Connection->runQueryCallback()
#9 /home/edinstvenij/PhpstormProjects/Laravel_05_24/vendor/laravel/framework/src/Illuminate/Database/Connection.php(560): Illuminate\\Database\\Connection->run()
#10 /home/edinstvenij/PhpstormProjects/Laravel_05_24/vendor/laravel/framework/src/Illuminate/Database/Connection.php(524): Illuminate\\Database\\Connection->statement()
#11 /home/edinstvenij/PhpstormProjects/Laravel_05_24/vendor/laravel/framework/src/Illuminate/Database/Query/Builder.php(3611): Illuminate\\Database\\Connection->insert()
#12 /home/edinstvenij/PhpstormProjects/Laravel_05_24/vendor/laravel/telescope/src/Storage/DatabaseEntriesRepository.php(145): Illuminate\\Database\\Query\\Builder->insert()
#13 /home/edinstvenij/PhpstormProjects/Laravel_05_24/vendor/laravel/framework/src/Illuminate/Collections/Traits/EnumeratesValues.php(259): Laravel\\Telescope\\Storage\\DatabaseEntriesRepository->Laravel\\Telescope\\Storage\\{closure}()
#14 /home/edinstvenij/PhpstormProjects/Laravel_05_24/vendor/laravel/telescope/src/Storage/DatabaseEntriesRepository.php(144): Illuminate\\Support\\Collection->each()
#15 /home/edinstvenij/PhpstormProjects/Laravel_05_24/vendor/laravel/telescope/src/Telescope.php(661): Laravel\\Telescope\\Storage\\DatabaseEntriesRepository->store()
#16 [internal function]: Laravel\\Telescope\\Telescope::Laravel\\Telescope\\{closure}()
#17 /home/edinstvenij/PhpstormProjects/Laravel_05_24/vendor/laravel/telescope/src/Telescope.php(286): call_user_func()
#18 /home/edinstvenij/PhpstormProjects/Laravel_05_24/vendor/laravel/telescope/src/Telescope.php(653): Laravel\\Telescope\\Telescope::withoutRecording()
#19 /home/edinstvenij/PhpstormProjects/Laravel_05_24/vendor/laravel/telescope/src/ListensForStorageOpportunities.php(65): Laravel\\Telescope\\Telescope::store()
#20 /home/edinstvenij/PhpstormProjects/Laravel_05_24/vendor/laravel/framework/src/Illuminate/Container/BoundMethod.php(36): Laravel\\Telescope\\Telescope::Laravel\\Telescope\\{closure}()
#21 /home/edinstvenij/PhpstormProjects/Laravel_05_24/vendor/laravel/framework/src/Illuminate/Container/Util.php(41): Illuminate\\Container\\BoundMethod::Illuminate\\Container\\{closure}()
#22 /home/edinstvenij/PhpstormProjects/Laravel_05_24/vendor/laravel/framework/src/Illuminate/Container/BoundMethod.php(81): Illuminate\\Container\\Util::unwrapIfClosure()
#23 /home/edinstvenij/PhpstormProjects/Laravel_05_24/vendor/laravel/framework/src/Illuminate/Container/BoundMethod.php(35): Illuminate\\Container\\BoundMethod::callBoundMethod()
#24 /home/edinstvenij/PhpstormProjects/Laravel_05_24/vendor/laravel/framework/src/Illuminate/Container/Container.php(690): Illuminate\\Container\\BoundMethod::call()
#25 /home/edinstvenij/PhpstormProjects/Laravel_05_24/vendor/laravel/framework/src/Illuminate/Foundation/Application.php(1420): Illuminate\\Container\\Container->call()
#26 /home/edinstvenij/PhpstormProjects/Laravel_05_24/vendor/laravel/framework/src/Illuminate/Foundation/Console/Kernel.php(215): Illuminate\\Foundation\\Application->terminate()
#27 /home/edinstvenij/PhpstormProjects/Laravel_05_24/vendor/laravel/framework/src/Illuminate/Foundation/Application.php(1208): Illuminate\\Foundation\\Console\\Kernel->terminate()
#28 /home/edinstvenij/PhpstormProjects/Laravel_05_24/artisan(13): Illuminate\\Foundation\\Application->handleCommand()
#29 {main}
"} 
[2024-07-20 06:11:19] local.ERROR: could not find driver (Connection: pgsql, SQL: insert into "telescope_entries" ("batch_id", "content", "created_at", "family_hash", "type", "uuid") values (9c90c49e-9fc1-4ab1-a4d8-e429306a2117, {"command":"route:cache","exit_code":0,"arguments":{"command":"route:cache"},"options":{"help":false,"quiet":false,"verbose":false,"version":false,"ansi":null,"no-interaction":false,"env":null},"hostname":"edinstvenij-Zenbook-UX425QA-UM425QA"}, 2024-07-20 06:11:19, ?, command, 9c90c49e-9e91-4d1b-93dc-76205c99e7d9)) {"exception":"[object] (Illuminate\\Database\\QueryException(code: 0): could not find driver (Connection: pgsql, SQL: insert into \"telescope_entries\" (\"batch_id\", \"content\", \"created_at\", \"family_hash\", \"type\", \"uuid\") values (9c90c49e-9fc1-4ab1-a4d8-e429306a2117, {\"command\":\"route:cache\",\"exit_code\":0,\"arguments\":{\"command\":\"route:cache\"},\"options\":{\"help\":false,\"quiet\":false,\"verbose\":false,\"version\":false,\"ansi\":null,\"no-interaction\":false,\"env\":null},\"hostname\":\"edinstvenij-Zenbook-UX425QA-UM425QA\"}, 2024-07-20 06:11:19, ?, command, 9c90c49e-9e91-4d1b-93dc-76205c99e7d9)) at /home/edinstvenij/PhpstormProjects/Laravel_05_24/vendor/laravel/framework/src/Illuminate/Database/Connection.php:813)
[stacktrace]
#0 /home/edinstvenij/PhpstormProjects/Laravel_05_24/vendor/laravel/framework/src/Illuminate/Database/Connection.php(767): Illuminate\\Database\\Connection->runQueryCallback()
#1 /home/edinstvenij/PhpstormProjects/Laravel_05_24/vendor/laravel/framework/src/Illuminate/Database/Connection.php(560): Illuminate\\Database\\Connection->run()
#2 /home/edinstvenij/PhpstormProjects/Laravel_05_24/vendor/laravel/framework/src/Illuminate/Database/Connection.php(524): Illuminate\\Database\\Connection->statement()
#3 /home/edinstvenij/PhpstormProjects/Laravel_05_24/vendor/laravel/framework/src/Illuminate/Database/Query/Builder.php(3611): Illuminate\\Database\\Connection->insert()
#4 /home/edinstvenij/PhpstormProjects/Laravel_05_24/vendor/laravel/telescope/src/Storage/DatabaseEntriesRepository.php(145): Illuminate\\Database\\Query\\Builder->insert()
#5 /home/edinstvenij/PhpstormProjects/Laravel_05_24/vendor/laravel/framework/src/Illuminate/Collections/Traits/EnumeratesValues.php(259): Laravel\\Telescope\\Storage\\DatabaseEntriesRepository->Laravel\\Telescope\\Storage\\{closure}()
#6 /home/edinstvenij/PhpstormProjects/Laravel_05_24/vendor/laravel/telescope/src/Storage/DatabaseEntriesRepository.php(144): Illuminate\\Support\\Collection->each()
#7 /home/edinstvenij/PhpstormProjects/Laravel_05_24/vendor/laravel/telescope/src/Telescope.php(661): Laravel\\Telescope\\Storage\\DatabaseEntriesRepository->store()
#8 [internal function]: Laravel\\Telescope\\Telescope::Laravel\\Telescope\\{closure}()
#9 /home/edinstvenij/PhpstormProjects/Laravel_05_24/vendor/laravel/telescope/src/Telescope.php(286): call_user_func()
#10 /home/edinstvenij/PhpstormProjects/Laravel_05_24/vendor/laravel/telescope/src/Telescope.php(653): Laravel\\Telescope\\Telescope::withoutRecording()
#11 /home/edinstvenij/PhpstormProjects/Laravel_05_24/vendor/laravel/telescope/src/ListensForStorageOpportunities.php(65): Laravel\\Telescope\\Telescope::store()
#12 /home/edinstvenij/PhpstormProjects/Laravel_05_24/vendor/laravel/framework/src/Illuminate/Container/BoundMethod.php(36): Laravel\\Telescope\\Telescope::Laravel\\Telescope\\{closure}()
#13 /home/edinstvenij/PhpstormProjects/Laravel_05_24/vendor/laravel/framework/src/Illuminate/Container/Util.php(41): Illuminate\\Container\\BoundMethod::Illuminate\\Container\\{closure}()
#14 /home/edinstvenij/PhpstormProjects/Laravel_05_24/vendor/laravel/framework/src/Illuminate/Container/BoundMethod.php(81): Illuminate\\Container\\Util::unwrapIfClosure()
#15 /home/edinstvenij/PhpstormProjects/Laravel_05_24/vendor/laravel/framework/src/Illuminate/Container/BoundMethod.php(35): Illuminate\\Container\\BoundMethod::callBoundMethod()
#16 /home/edinstvenij/PhpstormProjects/Laravel_05_24/vendor/laravel/framework/src/Illuminate/Container/Container.php(690): Illuminate\\Container\\BoundMethod::call()
#17 /home/edinstvenij/PhpstormProjects/Laravel_05_24/vendor/laravel/framework/src/Illuminate/Foundation/Application.php(1420): Illuminate\\Container\\Container->call()
#18 /home/edinstvenij/PhpstormProjects/Laravel_05_24/vendor/laravel/framework/src/Illuminate/Foundation/Console/Kernel.php(215): Illuminate\\Foundation\\Application->terminate()
#19 /home/edinstvenij/PhpstormProjects/Laravel_05_24/vendor/laravel/framework/src/Illuminate/Foundation/Application.php(1208): Illuminate\\Foundation\\Console\\Kernel->terminate()
#20 /home/edinstvenij/PhpstormProjects/Laravel_05_24/artisan(13): Illuminate\\Foundation\\Application->handleCommand()
#21 {main}

[previous exception] [object] (PDOException(code: 0): could not find driver at /home/edinstvenij/PhpstormProjects/Laravel_05_24/vendor/laravel/framework/src/Illuminate/Database/Connectors/Connector.php:65)
[stacktrace]
#0 /home/edinstvenij/PhpstormProjects/Laravel_05_24/vendor/laravel/framework/src/Illuminate/Database/Connectors/Connector.php(65): PDO->__construct()
#1 /home/edinstvenij/PhpstormProjects/Laravel_05_24/vendor/laravel/framework/src/Illuminate/Database/Connectors/Connector.php(44): Illuminate\\Database\\Connectors\\Connector->createPdoConnection()
#2 /home/edinstvenij/PhpstormProjects/Laravel_05_24/vendor/laravel/framework/src/Illuminate/Database/Connectors/PostgresConnector.php(35): Illuminate\\Database\\Connectors\\Connector->createConnection()
#3 /home/edinstvenij/PhpstormProjects/Laravel_05_24/vendor/laravel/framework/src/Illuminate/Database/Connectors/ConnectionFactory.php(185): Illuminate\\Database\\Connectors\\PostgresConnector->connect()
#4 [internal function]: Illuminate\\Database\\Connectors\\ConnectionFactory->Illuminate\\Database\\Connectors\\{closure}()
#5 /home/edinstvenij/PhpstormProjects/Laravel_05_24/vendor/laravel/framework/src/Illuminate/Database/Connection.php(1219): call_user_func()
#6 /home/edinstvenij/PhpstormProjects/Laravel_05_24/vendor/laravel/framework/src/Illuminate/Database/Connection.php(565): Illuminate\\Database\\Connection->getPdo()
#7 /home/edinstvenij/PhpstormProjects/Laravel_05_24/vendor/laravel/framework/src/Illuminate/Database/Connection.php(800): Illuminate\\Database\\Connection->Illuminate\\Database\\{closure}()
#8 /home/edinstvenij/PhpstormProjects/Laravel_05_24/vendor/laravel/framework/src/Illuminate/Database/Connection.php(767): Illuminate\\Database\\Connection->runQueryCallback()
#9 /home/edinstvenij/PhpstormProjects/Laravel_05_24/vendor/laravel/framework/src/Illuminate/Database/Connection.php(560): Illuminate\\Database\\Connection->run()
#10 /home/edinstvenij/PhpstormProjects/Laravel_05_24/vendor/laravel/framework/src/Illuminate/Database/Connection.php(524): Illuminate\\Database\\Connection->statement()
#11 /home/edinstvenij/PhpstormProjects/Laravel_05_24/vendor/laravel/framework/src/Illuminate/Database/Query/Builder.php(3611): Illuminate\\Database\\Connection->insert()
#12 /home/edinstvenij/PhpstormProjects/Laravel_05_24/vendor/laravel/telescope/src/Storage/DatabaseEntriesRepository.php(145): Illuminate\\Database\\Query\\Builder->insert()
#13 /home/edinstvenij/PhpstormProjects/Laravel_05_24/vendor/laravel/framework/src/Illuminate/Collections/Traits/EnumeratesValues.php(259): Laravel\\Telescope\\Storage\\DatabaseEntriesRepository->Laravel\\Telescope\\Storage\\{closure}()
#14 /home/edinstvenij/PhpstormProjects/Laravel_05_24/vendor/laravel/telescope/src/Storage/DatabaseEntriesRepository.php(144): Illuminate\\Support\\Collection->each()
#15 /home/edinstvenij/PhpstormProjects/Laravel_05_24/vendor/laravel/telescope/src/Telescope.php(661): Laravel\\Telescope\\Storage\\DatabaseEntriesRepository->store()
#16 [internal function]: Laravel\\Telescope\\Telescope::Laravel\\Telescope\\{closure}()
#17 /home/edinstvenij/PhpstormProjects/Laravel_05_24/vendor/laravel/telescope/src/Telescope.php(286): call_user_func()
#18 /home/edinstvenij/PhpstormProjects/Laravel_05_24/vendor/laravel/telescope/src/Telescope.php(653): Laravel\\Telescope\\Telescope::withoutRecording()
#19 /home/edinstvenij/PhpstormProjects/Laravel_05_24/vendor/laravel/telescope/src/ListensForStorageOpportunities.php(65): Laravel\\Telescope\\Telescope::store()
#20 /home/edinstvenij/PhpstormProjects/Laravel_05_24/vendor/laravel/framework/src/Illuminate/Container/BoundMethod.php(36): Laravel\\Telescope\\Telescope::Laravel\\Telescope\\{closure}()
#21 /home/edinstvenij/PhpstormProjects/Laravel_05_24/vendor/laravel/framework/src/Illuminate/Container/Util.php(41): Illuminate\\Container\\BoundMethod::Illuminate\\Container\\{closure}()
#22 /home/edinstvenij/PhpstormProjects/Laravel_05_24/vendor/laravel/framework/src/Illuminate/Container/BoundMethod.php(81): Illuminate\\Container\\Util::unwrapIfClosure()
#23 /home/edinstvenij/PhpstormProjects/Laravel_05_24/vendor/laravel/framework/src/Illuminate/Container/BoundMethod.php(35): Illuminate\\Container\\BoundMethod::callBoundMethod()
#24 /home/edinstvenij/PhpstormProjects/Laravel_05_24/vendor/laravel/framework/src/Illuminate/Container/Container.php(690): Illuminate\\Container\\BoundMethod::call()
#25 /home/edinstvenij/PhpstormProjects/Laravel_05_24/vendor/laravel/framework/src/Illuminate/Foundation/Application.php(1420): Illuminate\\Container\\Container->call()
#26 /home/edinstvenij/PhpstormProjects/Laravel_05_24/vendor/laravel/framework/src/Illuminate/Foundation/Console/Kernel.php(215): Illuminate\\Foundation\\Application->terminate()
#27 /home/edinstvenij/PhpstormProjects/Laravel_05_24/vendor/laravel/framework/src/Illuminate/Foundation/Application.php(1208): Illuminate\\Foundation\\Console\\Kernel->terminate()
#28 /home/edinstvenij/PhpstormProjects/Laravel_05_24/artisan(13): Illuminate\\Foundation\\Application->handleCommand()
#29 {main}
"} 
[2024-07-20 06:11:19] local.ERROR: could not find driver (Connection: pgsql, SQL: insert into "telescope_entries" ("batch_id", "content", "created_at", "family_hash", "type", "uuid") values (9c90c49e-eaf6-4244-a448-175cabfbd563, {"command":"view:cache","exit_code":0,"arguments":{"command":"view:cache"},"options":{"help":false,"quiet":false,"verbose":false,"version":false,"ansi":null,"no-interaction":false,"env":null},"hostname":"edinstvenij-Zenbook-UX425QA-UM425QA"}, 2024-07-20 06:11:19, ?, command, 9c90c49e-e9d1-44a4-85bc-927d3ff6d46e)) {"exception":"[object] (Illuminate\\Database\\QueryException(code: 0): could not find driver (Connection: pgsql, SQL: insert into \"telescope_entries\" (\"batch_id\", \"content\", \"created_at\", \"family_hash\", \"type\", \"uuid\") values (9c90c49e-eaf6-4244-a448-175cabfbd563, {\"command\":\"view:cache\",\"exit_code\":0,\"arguments\":{\"command\":\"view:cache\"},\"options\":{\"help\":false,\"quiet\":false,\"verbose\":false,\"version\":false,\"ansi\":null,\"no-interaction\":false,\"env\":null},\"hostname\":\"edinstvenij-Zenbook-UX425QA-UM425QA\"}, 2024-07-20 06:11:19, ?, command, 9c90c49e-e9d1-44a4-85bc-927d3ff6d46e)) at /home/edinstvenij/PhpstormProjects/Laravel_05_24/vendor/laravel/framework/src/Illuminate/Database/Connection.php:813)
[stacktrace]
#0 /home/edinstvenij/PhpstormProjects/Laravel_05_24/vendor/laravel/framework/src/Illuminate/Database/Connection.php(767): Illuminate\\Database\\Connection->runQueryCallback()
#1 /home/edinstvenij/PhpstormProjects/Laravel_05_24/vendor/laravel/framework/src/Illuminate/Database/Connection.php(560): Illuminate\\Database\\Connection->run()
#2 /home/edinstvenij/PhpstormProjects/Laravel_05_24/vendor/laravel/framework/src/Illuminate/Database/Connection.php(524): Illuminate\\Database\\Connection->statement()
#3 /home/edinstvenij/PhpstormProjects/Laravel_05_24/vendor/laravel/framework/src/Illuminate/Database/Query/Builder.php(3611): Illuminate\\Database\\Connection->insert()
#4 /home/edinstvenij/PhpstormProjects/Laravel_05_24/vendor/laravel/telescope/src/Storage/DatabaseEntriesRepository.php(145): Illuminate\\Database\\Query\\Builder->insert()
#5 /home/edinstvenij/PhpstormProjects/Laravel_05_24/vendor/laravel/framework/src/Illuminate/Collections/Traits/EnumeratesValues.php(259): Laravel\\Telescope\\Storage\\DatabaseEntriesRepository->Laravel\\Telescope\\Storage\\{closure}()
#6 /home/edinstvenij/PhpstormProjects/Laravel_05_24/vendor/laravel/telescope/src/Storage/DatabaseEntriesRepository.php(144): Illuminate\\Support\\Collection->each()
#7 /home/edinstvenij/PhpstormProjects/Laravel_05_24/vendor/laravel/telescope/src/Telescope.php(661): Laravel\\Telescope\\Storage\\DatabaseEntriesRepository->store()
#8 [internal function]: Laravel\\Telescope\\Telescope::Laravel\\Telescope\\{closure}()
#9 /home/edinstvenij/PhpstormProjects/Laravel_05_24/vendor/laravel/telescope/src/Telescope.php(286): call_user_func()
#10 /home/edinstvenij/PhpstormProjects/Laravel_05_24/vendor/laravel/telescope/src/Telescope.php(653): Laravel\\Telescope\\Telescope::withoutRecording()
#11 /home/edinstvenij/PhpstormProjects/Laravel_05_24/vendor/laravel/telescope/src/ListensForStorageOpportunities.php(65): Laravel\\Telescope\\Telescope::store()
#12 /home/edinstvenij/PhpstormProjects/Laravel_05_24/vendor/laravel/framework/src/Illuminate/Container/BoundMethod.php(36): Laravel\\Telescope\\Telescope::Laravel\\Telescope\\{closure}()
#13 /home/edinstvenij/PhpstormProjects/Laravel_05_24/vendor/laravel/framework/src/Illuminate/Container/Util.php(41): Illuminate\\Container\\BoundMethod::Illuminate\\Container\\{closure}()
#14 /home/edinstvenij/PhpstormProjects/Laravel_05_24/vendor/laravel/framework/src/Illuminate/Container/BoundMethod.php(81): Illuminate\\Container\\Util::unwrapIfClosure()
#15 /home/edinstvenij/PhpstormProjects/Laravel_05_24/vendor/laravel/framework/src/Illuminate/Container/BoundMethod.php(35): Illuminate\\Container\\BoundMethod::callBoundMethod()
#16 /home/edinstvenij/PhpstormProjects/Laravel_05_24/vendor/laravel/framework/src/Illuminate/Container/Container.php(690): Illuminate\\Container\\BoundMethod::call()
#17 /home/edinstvenij/PhpstormProjects/Laravel_05_24/vendor/laravel/framework/src/Illuminate/Foundation/Application.php(1420): Illuminate\\Container\\Container->call()
#18 /home/edinstvenij/PhpstormProjects/Laravel_05_24/vendor/laravel/framework/src/Illuminate/Foundation/Console/Kernel.php(215): Illuminate\\Foundation\\Application->terminate()
#19 /home/edinstvenij/PhpstormProjects/Laravel_05_24/vendor/laravel/framework/src/Illuminate/Foundation/Application.php(1208): Illuminate\\Foundation\\Console\\Kernel->terminate()
#20 /home/edinstvenij/PhpstormProjects/Laravel_05_24/artisan(13): Illuminate\\Foundation\\Application->handleCommand()
#21 {main}

[previous exception] [object] (PDOException(code: 0): could not find driver at /home/edinstvenij/PhpstormProjects/Laravel_05_24/vendor/laravel/framework/src/Illuminate/Database/Connectors/Connector.php:65)
[stacktrace]
#0 /home/edinstvenij/PhpstormProjects/Laravel_05_24/vendor/laravel/framework/src/Illuminate/Database/Connectors/Connector.php(65): PDO->__construct()
#1 /home/edinstvenij/PhpstormProjects/Laravel_05_24/vendor/laravel/framework/src/Illuminate/Database/Connectors/Connector.php(44): Illuminate\\Database\\Connectors\\Connector->createPdoConnection()
#2 /home/edinstvenij/PhpstormProjects/Laravel_05_24/vendor/laravel/framework/src/Illuminate/Database/Connectors/PostgresConnector.php(35): Illuminate\\Database\\Connectors\\Connector->createConnection()
#3 /home/edinstvenij/PhpstormProjects/Laravel_05_24/vendor/laravel/framework/src/Illuminate/Database/Connectors/ConnectionFactory.php(185): Illuminate\\Database\\Connectors\\PostgresConnector->connect()
#4 [internal function]: Illuminate\\Database\\Connectors\\ConnectionFactory->Illuminate\\Database\\Connectors\\{closure}()
#5 /home/edinstvenij/PhpstormProjects/Laravel_05_24/vendor/laravel/framework/src/Illuminate/Database/Connection.php(1219): call_user_func()
#6 /home/edinstvenij/PhpstormProjects/Laravel_05_24/vendor/laravel/framework/src/Illuminate/Database/Connection.php(565): Illuminate\\Database\\Connection->getPdo()
#7 /home/edinstvenij/PhpstormProjects/Laravel_05_24/vendor/laravel/framework/src/Illuminate/Database/Connection.php(800): Illuminate\\Database\\Connection->Illuminate\\Database\\{closure}()
#8 /home/edinstvenij/PhpstormProjects/Laravel_05_24/vendor/laravel/framework/src/Illuminate/Database/Connection.php(767): Illuminate\\Database\\Connection->runQueryCallback()
#9 /home/edinstvenij/PhpstormProjects/Laravel_05_24/vendor/laravel/framework/src/Illuminate/Database/Connection.php(560): Illuminate\\Database\\Connection->run()
#10 /home/edinstvenij/PhpstormProjects/Laravel_05_24/vendor/laravel/framework/src/Illuminate/Database/Connection.php(524): Illuminate\\Database\\Connection->statement()
#11 /home/edinstvenij/PhpstormProjects/Laravel_05_24/vendor/laravel/framework/src/Illuminate/Database/Query/Builder.php(3611): Illuminate\\Database\\Connection->insert()
#12 /home/edinstvenij/PhpstormProjects/Laravel_05_24/vendor/laravel/telescope/src/Storage/DatabaseEntriesRepository.php(145): Illuminate\\Database\\Query\\Builder->insert()
#13 /home/edinstvenij/PhpstormProjects/Laravel_05_24/vendor/laravel/framework/src/Illuminate/Collections/Traits/EnumeratesValues.php(259): Laravel\\Telescope\\Storage\\DatabaseEntriesRepository->Laravel\\Telescope\\Storage\\{closure}()
#14 /home/edinstvenij/PhpstormProjects/Laravel_05_24/vendor/laravel/telescope/src/Storage/DatabaseEntriesRepository.php(144): Illuminate\\Support\\Collection->each()
#15 /home/edinstvenij/PhpstormProjects/Laravel_05_24/vendor/laravel/telescope/src/Telescope.php(661): Laravel\\Telescope\\Storage\\DatabaseEntriesRepository->store()
#16 [internal function]: Laravel\\Telescope\\Telescope::Laravel\\Telescope\\{closure}()
#17 /home/edinstvenij/PhpstormProjects/Laravel_05_24/vendor/laravel/telescope/src/Telescope.php(286): call_user_func()
#18 /home/edinstvenij/PhpstormProjects/Laravel_05_24/vendor/laravel/telescope/src/Telescope.php(653): Laravel\\Telescope\\Telescope::withoutRecording()
#19 /home/edinstvenij/PhpstormProjects/Laravel_05_24/vendor/laravel/telescope/src/ListensForStorageOpportunities.php(65): Laravel\\Telescope\\Telescope::store()
#20 /home/edinstvenij/PhpstormProjects/Laravel_05_24/vendor/laravel/framework/src/Illuminate/Container/BoundMethod.php(36): Laravel\\Telescope\\Telescope::Laravel\\Telescope\\{closure}()
#21 /home/edinstvenij/PhpstormProjects/Laravel_05_24/vendor/laravel/framework/src/Illuminate/Container/Util.php(41): Illuminate\\Container\\BoundMethod::Illuminate\\Container\\{closure}()
#22 /home/edinstvenij/PhpstormProjects/Laravel_05_24/vendor/laravel/framework/src/Illuminate/Container/BoundMethod.php(81): Illuminate\\Container\\Util::unwrapIfClosure()
#23 /home/edinstvenij/PhpstormProjects/Laravel_05_24/vendor/laravel/framework/src/Illuminate/Container/BoundMethod.php(35): Illuminate\\Container\\BoundMethod::callBoundMethod()
#24 /home/edinstvenij/PhpstormProjects/Laravel_05_24/vendor/laravel/framework/src/Illuminate/Container/Container.php(690): Illuminate\\Container\\BoundMethod::call()
#25 /home/edinstvenij/PhpstormProjects/Laravel_05_24/vendor/laravel/framework/src/Illuminate/Foundation/Application.php(1420): Illuminate\\Container\\Container->call()
#26 /home/edinstvenij/PhpstormProjects/Laravel_05_24/vendor/laravel/framework/src/Illuminate/Foundation/Console/Kernel.php(215): Illuminate\\Foundation\\Application->terminate()
#27 /home/edinstvenij/PhpstormProjects/Laravel_05_24/vendor/laravel/framework/src/Illuminate/Foundation/Application.php(1208): Illuminate\\Foundation\\Console\\Kernel->terminate()
#28 /home/edinstvenij/PhpstormProjects/Laravel_05_24/artisan(13): Illuminate\\Foundation\\Application->handleCommand()
#29 {main}
"} 
[2024-07-20 06:11:36] local.ERROR: could not find driver (Connection: pgsql, SQL: insert into "telescope_entries" ("batch_id", "content", "created_at", "family_hash", "type", "uuid") values (9c90c4b8-1bd4-4144-8af1-3d7e04dab0e2, {"command":"route:cache","exit_code":0,"arguments":{"command":"route:cache"},"options":{"help":false,"quiet":false,"verbose":false,"version":false,"ansi":null,"no-interaction":false,"env":null},"hostname":"edinstvenij-Zenbook-UX425QA-UM425QA"}, 2024-07-20 06:11:36, ?, command, 9c90c4b8-1a9f-4c5e-bddb-da32bf2278b5)) {"exception":"[object] (Illuminate\\Database\\QueryException(code: 0): could not find driver (Connection: pgsql, SQL: insert into \"telescope_entries\" (\"batch_id\", \"content\", \"created_at\", \"family_hash\", \"type\", \"uuid\") values (9c90c4b8-1bd4-4144-8af1-3d7e04dab0e2, {\"command\":\"route:cache\",\"exit_code\":0,\"arguments\":{\"command\":\"route:cache\"},\"options\":{\"help\":false,\"quiet\":false,\"verbose\":false,\"version\":false,\"ansi\":null,\"no-interaction\":false,\"env\":null},\"hostname\":\"edinstvenij-Zenbook-UX425QA-UM425QA\"}, 2024-07-20 06:11:36, ?, command, 9c90c4b8-1a9f-4c5e-bddb-da32bf2278b5)) at /home/edinstvenij/PhpstormProjects/Laravel_05_24/vendor/laravel/framework/src/Illuminate/Database/Connection.php:813)
[stacktrace]
#0 /home/edinstvenij/PhpstormProjects/Laravel_05_24/vendor/laravel/framework/src/Illuminate/Database/Connection.php(767): Illuminate\\Database\\Connection->runQueryCallback()
#1 /home/edinstvenij/PhpstormProjects/Laravel_05_24/vendor/laravel/framework/src/Illuminate/Database/Connection.php(560): Illuminate\\Database\\Connection->run()
#2 /home/edinstvenij/PhpstormProjects/Laravel_05_24/vendor/laravel/framework/src/Illuminate/Database/Connection.php(524): Illuminate\\Database\\Connection->statement()
#3 /home/edinstvenij/PhpstormProjects/Laravel_05_24/vendor/laravel/framework/src/Illuminate/Database/Query/Builder.php(3611): Illuminate\\Database\\Connection->insert()
#4 /home/edinstvenij/PhpstormProjects/Laravel_05_24/vendor/laravel/telescope/src/Storage/DatabaseEntriesRepository.php(145): Illuminate\\Database\\Query\\Builder->insert()
#5 /home/edinstvenij/PhpstormProjects/Laravel_05_24/vendor/laravel/framework/src/Illuminate/Collections/Traits/EnumeratesValues.php(259): Laravel\\Telescope\\Storage\\DatabaseEntriesRepository->Laravel\\Telescope\\Storage\\{closure}()
#6 /home/edinstvenij/PhpstormProjects/Laravel_05_24/vendor/laravel/telescope/src/Storage/DatabaseEntriesRepository.php(144): Illuminate\\Support\\Collection->each()
#7 /home/edinstvenij/PhpstormProjects/Laravel_05_24/vendor/laravel/telescope/src/Telescope.php(661): Laravel\\Telescope\\Storage\\DatabaseEntriesRepository->store()
#8 [internal function]: Laravel\\Telescope\\Telescope::Laravel\\Telescope\\{closure}()
#9 /home/edinstvenij/PhpstormProjects/Laravel_05_24/vendor/laravel/telescope/src/Telescope.php(286): call_user_func()
#10 /home/edinstvenij/PhpstormProjects/Laravel_05_24/vendor/laravel/telescope/src/Telescope.php(653): Laravel\\Telescope\\Telescope::withoutRecording()
#11 /home/edinstvenij/PhpstormProjects/Laravel_05_24/vendor/laravel/telescope/src/ListensForStorageOpportunities.php(65): Laravel\\Telescope\\Telescope::store()
#12 /home/edinstvenij/PhpstormProjects/Laravel_05_24/vendor/laravel/framework/src/Illuminate/Container/BoundMethod.php(36): Laravel\\Telescope\\Telescope::Laravel\\Telescope\\{closure}()
#13 /home/edinstvenij/PhpstormProjects/Laravel_05_24/vendor/laravel/framework/src/Illuminate/Container/Util.php(41): Illuminate\\Container\\BoundMethod::Illuminate\\Container\\{closure}()
#14 /home/edinstvenij/PhpstormProjects/Laravel_05_24/vendor/laravel/framework/src/Illuminate/Container/BoundMethod.php(81): Illuminate\\Container\\Util::unwrapIfClosure()
#15 /home/edinstvenij/PhpstormProjects/Laravel_05_24/vendor/laravel/framework/src/Illuminate/Container/BoundMethod.php(35): Illuminate\\Container\\BoundMethod::callBoundMethod()
#16 /home/edinstvenij/PhpstormProjects/Laravel_05_24/vendor/laravel/framework/src/Illuminate/Container/Container.php(690): Illuminate\\Container\\BoundMethod::call()
#17 /home/edinstvenij/PhpstormProjects/Laravel_05_24/vendor/laravel/framework/src/Illuminate/Foundation/Application.php(1420): Illuminate\\Container\\Container->call()
#18 /home/edinstvenij/PhpstormProjects/Laravel_05_24/vendor/laravel/framework/src/Illuminate/Foundation/Console/Kernel.php(215): Illuminate\\Foundation\\Application->terminate()
#19 /home/edinstvenij/PhpstormProjects/Laravel_05_24/vendor/laravel/framework/src/Illuminate/Foundation/Application.php(1208): Illuminate\\Foundation\\Console\\Kernel->terminate()
#20 /home/edinstvenij/PhpstormProjects/Laravel_05_24/artisan(13): Illuminate\\Foundation\\Application->handleCommand()
#21 {main}

[previous exception] [object] (PDOException(code: 0): could not find driver at /home/edinstvenij/PhpstormProjects/Laravel_05_24/vendor/laravel/framework/src/Illuminate/Database/Connectors/Connector.php:65)
[stacktrace]
#0 /home/edinstvenij/PhpstormProjects/Laravel_05_24/vendor/laravel/framework/src/Illuminate/Database/Connectors/Connector.php(65): PDO->__construct()
#1 /home/edinstvenij/PhpstormProjects/Laravel_05_24/vendor/laravel/framework/src/Illuminate/Database/Connectors/Connector.php(44): Illuminate\\Database\\Connectors\\Connector->createPdoConnection()
#2 /home/edinstvenij/PhpstormProjects/Laravel_05_24/vendor/laravel/framework/src/Illuminate/Database/Connectors/PostgresConnector.php(35): Illuminate\\Database\\Connectors\\Connector->createConnection()
#3 /home/edinstvenij/PhpstormProjects/Laravel_05_24/vendor/laravel/framework/src/Illuminate/Database/Connectors/ConnectionFactory.php(185): Illuminate\\Database\\Connectors\\PostgresConnector->connect()
#4 [internal function]: Illuminate\\Database\\Connectors\\ConnectionFactory->Illuminate\\Database\\Connectors\\{closure}()
#5 /home/edinstvenij/PhpstormProjects/Laravel_05_24/vendor/laravel/framework/src/Illuminate/Database/Connection.php(1219): call_user_func()
#6 /home/edinstvenij/PhpstormProjects/Laravel_05_24/vendor/laravel/framework/src/Illuminate/Database/Connection.php(565): Illuminate\\Database\\Connection->getPdo()
#7 /home/edinstvenij/PhpstormProjects/Laravel_05_24/vendor/laravel/framework/src/Illuminate/Database/Connection.php(800): Illuminate\\Database\\Connection->Illuminate\\Database\\{closure}()
#8 /home/edinstvenij/PhpstormProjects/Laravel_05_24/vendor/laravel/framework/src/Illuminate/Database/Connection.php(767): Illuminate\\Database\\Connection->runQueryCallback()
#9 /home/edinstvenij/PhpstormProjects/Laravel_05_24/vendor/laravel/framework/src/Illuminate/Database/Connection.php(560): Illuminate\\Database\\Connection->run()
#10 /home/edinstvenij/PhpstormProjects/Laravel_05_24/vendor/laravel/framework/src/Illuminate/Database/Connection.php(524): Illuminate\\Database\\Connection->statement()
#11 /home/edinstvenij/PhpstormProjects/Laravel_05_24/vendor/laravel/framework/src/Illuminate/Database/Query/Builder.php(3611): Illuminate\\Database\\Connection->insert()
#12 /home/edinstvenij/PhpstormProjects/Laravel_05_24/vendor/laravel/telescope/src/Storage/DatabaseEntriesRepository.php(145): Illuminate\\Database\\Query\\Builder->insert()
#13 /home/edinstvenij/PhpstormProjects/Laravel_05_24/vendor/laravel/framework/src/Illuminate/Collections/Traits/EnumeratesValues.php(259): Laravel\\Telescope\\Storage\\DatabaseEntriesRepository->Laravel\\Telescope\\Storage\\{closure}()
#14 /home/edinstvenij/PhpstormProjects/Laravel_05_24/vendor/laravel/telescope/src/Storage/DatabaseEntriesRepository.php(144): Illuminate\\Support\\Collection->each()
#15 /home/edinstvenij/PhpstormProjects/Laravel_05_24/vendor/laravel/telescope/src/Telescope.php(661): Laravel\\Telescope\\Storage\\DatabaseEntriesRepository->store()
#16 [internal function]: Laravel\\Telescope\\Telescope::Laravel\\Telescope\\{closure}()
#17 /home/edinstvenij/PhpstormProjects/Laravel_05_24/vendor/laravel/telescope/src/Telescope.php(286): call_user_func()
#18 /home/edinstvenij/PhpstormProjects/Laravel_05_24/vendor/laravel/telescope/src/Telescope.php(653): Laravel\\Telescope\\Telescope::withoutRecording()
#19 /home/edinstvenij/PhpstormProjects/Laravel_05_24/vendor/laravel/telescope/src/ListensForStorageOpportunities.php(65): Laravel\\Telescope\\Telescope::store()
#20 /home/edinstvenij/PhpstormProjects/Laravel_05_24/vendor/laravel/framework/src/Illuminate/Container/BoundMethod.php(36): Laravel\\Telescope\\Telescope::Laravel\\Telescope\\{closure}()
#21 /home/edinstvenij/PhpstormProjects/Laravel_05_24/vendor/laravel/framework/src/Illuminate/Container/Util.php(41): Illuminate\\Container\\BoundMethod::Illuminate\\Container\\{closure}()
#22 /home/edinstvenij/PhpstormProjects/Laravel_05_24/vendor/laravel/framework/src/Illuminate/Container/BoundMethod.php(81): Illuminate\\Container\\Util::unwrapIfClosure()
#23 /home/edinstvenij/PhpstormProjects/Laravel_05_24/vendor/laravel/framework/src/Illuminate/Container/BoundMethod.php(35): Illuminate\\Container\\BoundMethod::callBoundMethod()
#24 /home/edinstvenij/PhpstormProjects/Laravel_05_24/vendor/laravel/framework/src/Illuminate/Container/Container.php(690): Illuminate\\Container\\BoundMethod::call()
#25 /home/edinstvenij/PhpstormProjects/Laravel_05_24/vendor/laravel/framework/src/Illuminate/Foundation/Application.php(1420): Illuminate\\Container\\Container->call()
#26 /home/edinstvenij/PhpstormProjects/Laravel_05_24/vendor/laravel/framework/src/Illuminate/Foundation/Console/Kernel.php(215): Illuminate\\Foundation\\Application->terminate()
#27 /home/edinstvenij/PhpstormProjects/Laravel_05_24/vendor/laravel/framework/src/Illuminate/Foundation/Application.php(1208): Illuminate\\Foundation\\Console\\Kernel->terminate()
#28 /home/edinstvenij/PhpstormProjects/Laravel_05_24/artisan(13): Illuminate\\Foundation\\Application->handleCommand()
#29 {main}
"} 
[2024-07-20 06:11:44] local.ERROR: could not find driver (Connection: pgsql, SQL: insert into "telescope_entries" ("batch_id", "content", "created_at", "family_hash", "type", "uuid") values (9c90c4c5-13a5-48b6-b9a3-f60eb7e176af, {"command":"view:cache","exit_code":0,"arguments":{"command":"view:cache"},"options":{"help":false,"quiet":false,"verbose":false,"version":false,"ansi":null,"no-interaction":false,"env":null},"hostname":"edinstvenij-Zenbook-UX425QA-UM425QA"}, 2024-07-20 06:11:44, ?, command, 9c90c4c5-1232-4818-8535-c0b3b9be921b)) {"exception":"[object] (Illuminate\\Database\\QueryException(code: 0): could not find driver (Connection: pgsql, SQL: insert into \"telescope_entries\" (\"batch_id\", \"content\", \"created_at\", \"family_hash\", \"type\", \"uuid\") values (9c90c4c5-13a5-48b6-b9a3-f60eb7e176af, {\"command\":\"view:cache\",\"exit_code\":0,\"arguments\":{\"command\":\"view:cache\"},\"options\":{\"help\":false,\"quiet\":false,\"verbose\":false,\"version\":false,\"ansi\":null,\"no-interaction\":false,\"env\":null},\"hostname\":\"edinstvenij-Zenbook-UX425QA-UM425QA\"}, 2024-07-20 06:11:44, ?, command, 9c90c4c5-1232-4818-8535-c0b3b9be921b)) at /home/edinstvenij/PhpstormProjects/Laravel_05_24/vendor/laravel/framework/src/Illuminate/Database/Connection.php:813)
[stacktrace]
#0 /home/edinstvenij/PhpstormProjects/Laravel_05_24/vendor/laravel/framework/src/Illuminate/Database/Connection.php(767): Illuminate\\Database\\Connection->runQueryCallback()
#1 /home/edinstvenij/PhpstormProjects/Laravel_05_24/vendor/laravel/framework/src/Illuminate/Database/Connection.php(560): Illuminate\\Database\\Connection->run()
#2 /home/edinstvenij/PhpstormProjects/Laravel_05_24/vendor/laravel/framework/src/Illuminate/Database/Connection.php(524): Illuminate\\Database\\Connection->statement()
#3 /home/edinstvenij/PhpstormProjects/Laravel_05_24/vendor/laravel/framework/src/Illuminate/Database/Query/Builder.php(3611): Illuminate\\Database\\Connection->insert()
#4 /home/edinstvenij/PhpstormProjects/Laravel_05_24/vendor/laravel/telescope/src/Storage/DatabaseEntriesRepository.php(145): Illuminate\\Database\\Query\\Builder->insert()
#5 /home/edinstvenij/PhpstormProjects/Laravel_05_24/vendor/laravel/framework/src/Illuminate/Collections/Traits/EnumeratesValues.php(259): Laravel\\Telescope\\Storage\\DatabaseEntriesRepository->Laravel\\Telescope\\Storage\\{closure}()
#6 /home/edinstvenij/PhpstormProjects/Laravel_05_24/vendor/laravel/telescope/src/Storage/DatabaseEntriesRepository.php(144): Illuminate\\Support\\Collection->each()
#7 /home/edinstvenij/PhpstormProjects/Laravel_05_24/vendor/laravel/telescope/src/Telescope.php(661): Laravel\\Telescope\\Storage\\DatabaseEntriesRepository->store()
#8 [internal function]: Laravel\\Telescope\\Telescope::Laravel\\Telescope\\{closure}()
#9 /home/edinstvenij/PhpstormProjects/Laravel_05_24/vendor/laravel/telescope/src/Telescope.php(286): call_user_func()
#10 /home/edinstvenij/PhpstormProjects/Laravel_05_24/vendor/laravel/telescope/src/Telescope.php(653): Laravel\\Telescope\\Telescope::withoutRecording()
#11 /home/edinstvenij/PhpstormProjects/Laravel_05_24/vendor/laravel/telescope/src/ListensForStorageOpportunities.php(65): Laravel\\Telescope\\Telescope::store()
#12 /home/edinstvenij/PhpstormProjects/Laravel_05_24/vendor/laravel/framework/src/Illuminate/Container/BoundMethod.php(36): Laravel\\Telescope\\Telescope::Laravel\\Telescope\\{closure}()
#13 /home/edinstvenij/PhpstormProjects/Laravel_05_24/vendor/laravel/framework/src/Illuminate/Container/Util.php(41): Illuminate\\Container\\BoundMethod::Illuminate\\Container\\{closure}()
#14 /home/edinstvenij/PhpstormProjects/Laravel_05_24/vendor/laravel/framework/src/Illuminate/Container/BoundMethod.php(81): Illuminate\\Container\\Util::unwrapIfClosure()
#15 /home/edinstvenij/PhpstormProjects/Laravel_05_24/vendor/laravel/framework/src/Illuminate/Container/BoundMethod.php(35): Illuminate\\Container\\BoundMethod::callBoundMethod()
#16 /home/edinstvenij/PhpstormProjects/Laravel_05_24/vendor/laravel/framework/src/Illuminate/Container/Container.php(690): Illuminate\\Container\\BoundMethod::call()
#17 /home/edinstvenij/PhpstormProjects/Laravel_05_24/vendor/laravel/framework/src/Illuminate/Foundation/Application.php(1420): Illuminate\\Container\\Container->call()
#18 /home/edinstvenij/PhpstormProjects/Laravel_05_24/vendor/laravel/framework/src/Illuminate/Foundation/Console/Kernel.php(215): Illuminate\\Foundation\\Application->terminate()
#19 /home/edinstvenij/PhpstormProjects/Laravel_05_24/vendor/laravel/framework/src/Illuminate/Foundation/Application.php(1208): Illuminate\\Foundation\\Console\\Kernel->terminate()
#20 /home/edinstvenij/PhpstormProjects/Laravel_05_24/artisan(13): Illuminate\\Foundation\\Application->handleCommand()
#21 {main}

[previous exception] [object] (PDOException(code: 0): could not find driver at /home/edinstvenij/PhpstormProjects/Laravel_05_24/vendor/laravel/framework/src/Illuminate/Database/Connectors/Connector.php:65)
[stacktrace]
#0 /home/edinstvenij/PhpstormProjects/Laravel_05_24/vendor/laravel/framework/src/Illuminate/Database/Connectors/Connector.php(65): PDO->__construct()
#1 /home/edinstvenij/PhpstormProjects/Laravel_05_24/vendor/laravel/framework/src/Illuminate/Database/Connectors/Connector.php(44): Illuminate\\Database\\Connectors\\Connector->createPdoConnection()
#2 /home/edinstvenij/PhpstormProjects/Laravel_05_24/vendor/laravel/framework/src/Illuminate/Database/Connectors/PostgresConnector.php(35): Illuminate\\Database\\Connectors\\Connector->createConnection()
#3 /home/edinstvenij/PhpstormProjects/Laravel_05_24/vendor/laravel/framework/src/Illuminate/Database/Connectors/ConnectionFactory.php(185): Illuminate\\Database\\Connectors\\PostgresConnector->connect()
#4 [internal function]: Illuminate\\Database\\Connectors\\ConnectionFactory->Illuminate\\Database\\Connectors\\{closure}()
#5 /home/edinstvenij/PhpstormProjects/Laravel_05_24/vendor/laravel/framework/src/Illuminate/Database/Connection.php(1219): call_user_func()
#6 /home/edinstvenij/PhpstormProjects/Laravel_05_24/vendor/laravel/framework/src/Illuminate/Database/Connection.php(565): Illuminate\\Database\\Connection->getPdo()
#7 /home/edinstvenij/PhpstormProjects/Laravel_05_24/vendor/laravel/framework/src/Illuminate/Database/Connection.php(800): Illuminate\\Database\\Connection->Illuminate\\Database\\{closure}()
#8 /home/edinstvenij/PhpstormProjects/Laravel_05_24/vendor/laravel/framework/src/Illuminate/Database/Connection.php(767): Illuminate\\Database\\Connection->runQueryCallback()
#9 /home/edinstvenij/PhpstormProjects/Laravel_05_24/vendor/laravel/framework/src/Illuminate/Database/Connection.php(560): Illuminate\\Database\\Connection->run()
#10 /home/edinstvenij/PhpstormProjects/Laravel_05_24/vendor/laravel/framework/src/Illuminate/Database/Connection.php(524): Illuminate\\Database\\Connection->statement()
#11 /home/edinstvenij/PhpstormProjects/Laravel_05_24/vendor/laravel/framework/src/Illuminate/Database/Query/Builder.php(3611): Illuminate\\Database\\Connection->insert()
#12 /home/edinstvenij/PhpstormProjects/Laravel_05_24/vendor/laravel/telescope/src/Storage/DatabaseEntriesRepository.php(145): Illuminate\\Database\\Query\\Builder->insert()
#13 /home/edinstvenij/PhpstormProjects/Laravel_05_24/vendor/laravel/framework/src/Illuminate/Collections/Traits/EnumeratesValues.php(259): Laravel\\Telescope\\Storage\\DatabaseEntriesRepository->Laravel\\Telescope\\Storage\\{closure}()
#14 /home/edinstvenij/PhpstormProjects/Laravel_05_24/vendor/laravel/telescope/src/Storage/DatabaseEntriesRepository.php(144): Illuminate\\Support\\Collection->each()
#15 /home/edinstvenij/PhpstormProjects/Laravel_05_24/vendor/laravel/telescope/src/Telescope.php(661): Laravel\\Telescope\\Storage\\DatabaseEntriesRepository->store()
#16 [internal function]: Laravel\\Telescope\\Telescope::Laravel\\Telescope\\{closure}()
#17 /home/edinstvenij/PhpstormProjects/Laravel_05_24/vendor/laravel/telescope/src/Telescope.php(286): call_user_func()
#18 /home/edinstvenij/PhpstormProjects/Laravel_05_24/vendor/laravel/telescope/src/Telescope.php(653): Laravel\\Telescope\\Telescope::withoutRecording()
#19 /home/edinstvenij/PhpstormProjects/Laravel_05_24/vendor/laravel/telescope/src/ListensForStorageOpportunities.php(65): Laravel\\Telescope\\Telescope::store()
#20 /home/edinstvenij/PhpstormProjects/Laravel_05_24/vendor/laravel/framework/src/Illuminate/Container/BoundMethod.php(36): Laravel\\Telescope\\Telescope::Laravel\\Telescope\\{closure}()
#21 /home/edinstvenij/PhpstormProjects/Laravel_05_24/vendor/laravel/framework/src/Illuminate/Container/Util.php(41): Illuminate\\Container\\BoundMethod::Illuminate\\Container\\{closure}()
#22 /home/edinstvenij/PhpstormProjects/Laravel_05_24/vendor/laravel/framework/src/Illuminate/Container/BoundMethod.php(81): Illuminate\\Container\\Util::unwrapIfClosure()
#23 /home/edinstvenij/PhpstormProjects/Laravel_05_24/vendor/laravel/framework/src/Illuminate/Container/BoundMethod.php(35): Illuminate\\Container\\BoundMethod::callBoundMethod()
#24 /home/edinstvenij/PhpstormProjects/Laravel_05_24/vendor/laravel/framework/src/Illuminate/Container/Container.php(690): Illuminate\\Container\\BoundMethod::call()
#25 /home/edinstvenij/PhpstormProjects/Laravel_05_24/vendor/laravel/framework/src/Illuminate/Foundation/Application.php(1420): Illuminate\\Container\\Container->call()
#26 /home/edinstvenij/PhpstormProjects/Laravel_05_24/vendor/laravel/framework/src/Illuminate/Foundation/Console/Kernel.php(215): Illuminate\\Foundation\\Application->terminate()
#27 /home/edinstvenij/PhpstormProjects/Laravel_05_24/vendor/laravel/framework/src/Illuminate/Foundation/Application.php(1208): Illuminate\\Foundation\\Console\\Kernel->terminate()
#28 /home/edinstvenij/PhpstormProjects/Laravel_05_24/artisan(13): Illuminate\\Foundation\\Application->handleCommand()
#29 {main}
"} 
[2024-07-20 11:20:32] local.ERROR: Connection refused {"exception":"[object] (RedisException(code: 0): Connection refused at /var/www/html/vendor/laravel/framework/src/Illuminate/Redis/Connectors/PhpRedisConnector.php:159)
[stacktrace]
#0 /var/www/html/vendor/laravel/framework/src/Illuminate/Redis/Connectors/PhpRedisConnector.php(159): Redis->connect()
#1 /var/www/html/vendor/laravel/framework/src/Illuminate/Redis/Connectors/PhpRedisConnector.php(88): Illuminate\\Redis\\Connectors\\PhpRedisConnector->establishConnection()
#2 /var/www/html/vendor/laravel/framework/src/Illuminate/Support/helpers.php(380): Illuminate\\Redis\\Connectors\\PhpRedisConnector->Illuminate\\Redis\\Connectors\\{closure}()
#3 /var/www/html/vendor/laravel/framework/src/Illuminate/Redis/Connectors/PhpRedisConnector.php(79): tap()
#4 /var/www/html/vendor/laravel/framework/src/Illuminate/Redis/Connectors/PhpRedisConnector.php(33): Illuminate\\Redis\\Connectors\\PhpRedisConnector->createClient()
#5 /var/www/html/vendor/laravel/framework/src/Illuminate/Redis/Connectors/PhpRedisConnector.php(38): Illuminate\\Redis\\Connectors\\PhpRedisConnector->Illuminate\\Redis\\Connectors\\{closure}()
#6 /var/www/html/vendor/laravel/framework/src/Illuminate/Redis/RedisManager.php(110): Illuminate\\Redis\\Connectors\\PhpRedisConnector->connect()
#7 /var/www/html/vendor/laravel/framework/src/Illuminate/Redis/RedisManager.php(91): Illuminate\\Redis\\RedisManager->resolve()
#8 /var/www/html/vendor/laravel/framework/src/Illuminate/Cache/RedisStore.php(330): Illuminate\\Redis\\RedisManager->connection()
#9 /var/www/html/vendor/laravel/framework/src/Illuminate/Cache/RedisStore.php(248): Illuminate\\Cache\\RedisStore->connection()
#10 /var/www/html/vendor/laravel/framework/src/Illuminate/Cache/Repository.php(740): Illuminate\\Cache\\RedisStore->flush()
#11 /var/www/html/vendor/laravel/framework/src/Illuminate/Cache/Console/ClearCommand.php(69): Illuminate\\Cache\\Repository->__call()
#12 /var/www/html/vendor/laravel/framework/src/Illuminate/Container/BoundMethod.php(36): Illuminate\\Cache\\Console\\ClearCommand->handle()
#13 /var/www/html/vendor/laravel/framework/src/Illuminate/Container/Util.php(41): Illuminate\\Container\\BoundMethod::Illuminate\\Container\\{closure}()
#14 /var/www/html/vendor/laravel/framework/src/Illuminate/Container/BoundMethod.php(93): Illuminate\\Container\\Util::unwrapIfClosure()
#15 /var/www/html/vendor/laravel/framework/src/Illuminate/Container/BoundMethod.php(35): Illuminate\\Container\\BoundMethod::callBoundMethod()
#16 /var/www/html/vendor/laravel/framework/src/Illuminate/Container/Container.php(690): Illuminate\\Container\\BoundMethod::call()
#17 /var/www/html/vendor/laravel/framework/src/Illuminate/Console/Command.php(213): Illuminate\\Container\\Container->call()
#18 /var/www/html/vendor/symfony/console/Command/Command.php(279): Illuminate\\Console\\Command->execute()
#19 /var/www/html/vendor/laravel/framework/src/Illuminate/Console/Command.php(182): Symfony\\Component\\Console\\Command\\Command->run()
#20 /var/www/html/vendor/symfony/console/Application.php(1047): Illuminate\\Console\\Command->run()
#21 /var/www/html/vendor/symfony/console/Application.php(316): Symfony\\Component\\Console\\Application->doRunCommand()
#22 /var/www/html/vendor/symfony/console/Application.php(167): Symfony\\Component\\Console\\Application->doRun()
#23 /var/www/html/vendor/laravel/framework/src/Illuminate/Foundation/Console/Kernel.php(196): Symfony\\Component\\Console\\Application->run()
#24 /var/www/html/vendor/laravel/framework/src/Illuminate/Foundation/Application.php(1203): Illuminate\\Foundation\\Console\\Kernel->handle()
#25 /var/www/html/artisan(13): Illuminate\\Foundation\\Application->handleCommand()
#26 {main}
"} 
[2024-07-20 11:22:11] local.ERROR: Connection refused {"exception":"[object] (RedisException(code: 0): Connection refused at /var/www/html/vendor/laravel/framework/src/Illuminate/Redis/Connectors/PhpRedisConnector.php:159)
[stacktrace]
#0 /var/www/html/vendor/laravel/framework/src/Illuminate/Redis/Connectors/PhpRedisConnector.php(159): Redis->connect()
#1 /var/www/html/vendor/laravel/framework/src/Illuminate/Redis/Connectors/PhpRedisConnector.php(88): Illuminate\\Redis\\Connectors\\PhpRedisConnector->establishConnection()
#2 /var/www/html/vendor/laravel/framework/src/Illuminate/Support/helpers.php(380): Illuminate\\Redis\\Connectors\\PhpRedisConnector->Illuminate\\Redis\\Connectors\\{closure}()
#3 /var/www/html/vendor/laravel/framework/src/Illuminate/Redis/Connectors/PhpRedisConnector.php(79): tap()
#4 /var/www/html/vendor/laravel/framework/src/Illuminate/Redis/Connectors/PhpRedisConnector.php(33): Illuminate\\Redis\\Connectors\\PhpRedisConnector->createClient()
#5 /var/www/html/vendor/laravel/framework/src/Illuminate/Redis/Connectors/PhpRedisConnector.php(38): Illuminate\\Redis\\Connectors\\PhpRedisConnector->Illuminate\\Redis\\Connectors\\{closure}()
#6 /var/www/html/vendor/laravel/framework/src/Illuminate/Redis/RedisManager.php(110): Illuminate\\Redis\\Connectors\\PhpRedisConnector->connect()
#7 /var/www/html/vendor/laravel/framework/src/Illuminate/Redis/RedisManager.php(91): Illuminate\\Redis\\RedisManager->resolve()
#8 /var/www/html/vendor/laravel/framework/src/Illuminate/Cache/RedisStore.php(330): Illuminate\\Redis\\RedisManager->connection()
#9 /var/www/html/vendor/laravel/framework/src/Illuminate/Cache/RedisStore.php(248): Illuminate\\Cache\\RedisStore->connection()
#10 /var/www/html/vendor/laravel/framework/src/Illuminate/Cache/Repository.php(740): Illuminate\\Cache\\RedisStore->flush()
#11 /var/www/html/vendor/laravel/framework/src/Illuminate/Cache/Console/ClearCommand.php(69): Illuminate\\Cache\\Repository->__call()
#12 /var/www/html/vendor/laravel/framework/src/Illuminate/Container/BoundMethod.php(36): Illuminate\\Cache\\Console\\ClearCommand->handle()
#13 /var/www/html/vendor/laravel/framework/src/Illuminate/Container/Util.php(41): Illuminate\\Container\\BoundMethod::Illuminate\\Container\\{closure}()
#14 /var/www/html/vendor/laravel/framework/src/Illuminate/Container/BoundMethod.php(93): Illuminate\\Container\\Util::unwrapIfClosure()
#15 /var/www/html/vendor/laravel/framework/src/Illuminate/Container/BoundMethod.php(35): Illuminate\\Container\\BoundMethod::callBoundMethod()
#16 /var/www/html/vendor/laravel/framework/src/Illuminate/Container/Container.php(690): Illuminate\\Container\\BoundMethod::call()
#17 /var/www/html/vendor/laravel/framework/src/Illuminate/Console/Command.php(213): Illuminate\\Container\\Container->call()
#18 /var/www/html/vendor/symfony/console/Command/Command.php(279): Illuminate\\Console\\Command->execute()
#19 /var/www/html/vendor/laravel/framework/src/Illuminate/Console/Command.php(182): Symfony\\Component\\Console\\Command\\Command->run()
#20 /var/www/html/vendor/symfony/console/Application.php(1047): Illuminate\\Console\\Command->run()
#21 /var/www/html/vendor/symfony/console/Application.php(316): Symfony\\Component\\Console\\Application->doRunCommand()
#22 /var/www/html/vendor/symfony/console/Application.php(167): Symfony\\Component\\Console\\Application->doRun()
#23 /var/www/html/vendor/laravel/framework/src/Illuminate/Foundation/Console/Kernel.php(196): Symfony\\Component\\Console\\Application->run()
#24 /var/www/html/vendor/laravel/framework/src/Illuminate/Foundation/Application.php(1203): Illuminate\\Foundation\\Console\\Kernel->handle()
#25 /var/www/html/artisan(13): Illuminate\\Foundation\\Application->handleCommand()
#26 {main}
"} 
[2024-07-20 11:27:24] local.ERROR: could not find driver (Connection: pgsql, SQL: insert into "telescope_entries" ("batch_id", "content", "created_at", "family_hash", "type", "uuid") values (9c9135a8-7cfc-4083-8f9c-37d3adbc496f, {"command":"list","exit_code":0,"arguments":{"command":"list","namespace":null},"options":{"raw":false,"format":"txt","short":false,"help":false,"quiet":false,"verbose":false,"version":false,"ansi":null,"no-interaction":false,"env":null},"hostname":"edinstvenij-Zenbook-UX425QA-UM425QA"}, 2024-07-20 11:27:24, ?, command, 9c9135a8-7aa5-4b24-ad63-51b6eea60d4f)) {"exception":"[object] (Illuminate\\Database\\QueryException(code: 0): could not find driver (Connection: pgsql, SQL: insert into \"telescope_entries\" (\"batch_id\", \"content\", \"created_at\", \"family_hash\", \"type\", \"uuid\") values (9c9135a8-7cfc-4083-8f9c-37d3adbc496f, {\"command\":\"list\",\"exit_code\":0,\"arguments\":{\"command\":\"list\",\"namespace\":null},\"options\":{\"raw\":false,\"format\":\"txt\",\"short\":false,\"help\":false,\"quiet\":false,\"verbose\":false,\"version\":false,\"ansi\":null,\"no-interaction\":false,\"env\":null},\"hostname\":\"edinstvenij-Zenbook-UX425QA-UM425QA\"}, 2024-07-20 11:27:24, ?, command, 9c9135a8-7aa5-4b24-ad63-51b6eea60d4f)) at /home/edinstvenij/PhpstormProjects/Laravel_05_24/vendor/laravel/framework/src/Illuminate/Database/Connection.php:813)
[stacktrace]
#0 /home/edinstvenij/PhpstormProjects/Laravel_05_24/vendor/laravel/framework/src/Illuminate/Database/Connection.php(767): Illuminate\\Database\\Connection->runQueryCallback()
#1 /home/edinstvenij/PhpstormProjects/Laravel_05_24/vendor/laravel/framework/src/Illuminate/Database/Connection.php(560): Illuminate\\Database\\Connection->run()
#2 /home/edinstvenij/PhpstormProjects/Laravel_05_24/vendor/laravel/framework/src/Illuminate/Database/Connection.php(524): Illuminate\\Database\\Connection->statement()
#3 /home/edinstvenij/PhpstormProjects/Laravel_05_24/vendor/laravel/framework/src/Illuminate/Database/Query/Builder.php(3611): Illuminate\\Database\\Connection->insert()
#4 /home/edinstvenij/PhpstormProjects/Laravel_05_24/vendor/laravel/telescope/src/Storage/DatabaseEntriesRepository.php(145): Illuminate\\Database\\Query\\Builder->insert()
#5 /home/edinstvenij/PhpstormProjects/Laravel_05_24/vendor/laravel/framework/src/Illuminate/Collections/Traits/EnumeratesValues.php(259): Laravel\\Telescope\\Storage\\DatabaseEntriesRepository->Laravel\\Telescope\\Storage\\{closure}()
#6 /home/edinstvenij/PhpstormProjects/Laravel_05_24/vendor/laravel/telescope/src/Storage/DatabaseEntriesRepository.php(144): Illuminate\\Support\\Collection->each()
#7 /home/edinstvenij/PhpstormProjects/Laravel_05_24/vendor/laravel/telescope/src/Telescope.php(661): Laravel\\Telescope\\Storage\\DatabaseEntriesRepository->store()
#8 [internal function]: Laravel\\Telescope\\Telescope::Laravel\\Telescope\\{closure}()
#9 /home/edinstvenij/PhpstormProjects/Laravel_05_24/vendor/laravel/telescope/src/Telescope.php(286): call_user_func()
#10 /home/edinstvenij/PhpstormProjects/Laravel_05_24/vendor/laravel/telescope/src/Telescope.php(653): Laravel\\Telescope\\Telescope::withoutRecording()
#11 /home/edinstvenij/PhpstormProjects/Laravel_05_24/vendor/laravel/telescope/src/ListensForStorageOpportunities.php(65): Laravel\\Telescope\\Telescope::store()
#12 /home/edinstvenij/PhpstormProjects/Laravel_05_24/vendor/laravel/framework/src/Illuminate/Container/BoundMethod.php(36): Laravel\\Telescope\\Telescope::Laravel\\Telescope\\{closure}()
#13 /home/edinstvenij/PhpstormProjects/Laravel_05_24/vendor/laravel/framework/src/Illuminate/Container/Util.php(41): Illuminate\\Container\\BoundMethod::Illuminate\\Container\\{closure}()
#14 /home/edinstvenij/PhpstormProjects/Laravel_05_24/vendor/laravel/framework/src/Illuminate/Container/BoundMethod.php(81): Illuminate\\Container\\Util::unwrapIfClosure()
#15 /home/edinstvenij/PhpstormProjects/Laravel_05_24/vendor/laravel/framework/src/Illuminate/Container/BoundMethod.php(35): Illuminate\\Container\\BoundMethod::callBoundMethod()
#16 /home/edinstvenij/PhpstormProjects/Laravel_05_24/vendor/laravel/framework/src/Illuminate/Container/Container.php(690): Illuminate\\Container\\BoundMethod::call()
#17 /home/edinstvenij/PhpstormProjects/Laravel_05_24/vendor/laravel/framework/src/Illuminate/Foundation/Application.php(1420): Illuminate\\Container\\Container->call()
#18 /home/edinstvenij/PhpstormProjects/Laravel_05_24/vendor/laravel/framework/src/Illuminate/Foundation/Console/Kernel.php(215): Illuminate\\Foundation\\Application->terminate()
#19 /home/edinstvenij/PhpstormProjects/Laravel_05_24/vendor/laravel/framework/src/Illuminate/Foundation/Application.php(1208): Illuminate\\Foundation\\Console\\Kernel->terminate()
#20 /home/edinstvenij/PhpstormProjects/Laravel_05_24/artisan(13): Illuminate\\Foundation\\Application->handleCommand()
#21 {main}

[previous exception] [object] (PDOException(code: 0): could not find driver at /home/edinstvenij/PhpstormProjects/Laravel_05_24/vendor/laravel/framework/src/Illuminate/Database/Connectors/Connector.php:65)
[stacktrace]
#0 /home/edinstvenij/PhpstormProjects/Laravel_05_24/vendor/laravel/framework/src/Illuminate/Database/Connectors/Connector.php(65): PDO->__construct()
#1 /home/edinstvenij/PhpstormProjects/Laravel_05_24/vendor/laravel/framework/src/Illuminate/Database/Connectors/Connector.php(44): Illuminate\\Database\\Connectors\\Connector->createPdoConnection()
#2 /home/edinstvenij/PhpstormProjects/Laravel_05_24/vendor/laravel/framework/src/Illuminate/Database/Connectors/PostgresConnector.php(35): Illuminate\\Database\\Connectors\\Connector->createConnection()
#3 /home/edinstvenij/PhpstormProjects/Laravel_05_24/vendor/laravel/framework/src/Illuminate/Database/Connectors/ConnectionFactory.php(185): Illuminate\\Database\\Connectors\\PostgresConnector->connect()
#4 [internal function]: Illuminate\\Database\\Connectors\\ConnectionFactory->Illuminate\\Database\\Connectors\\{closure}()
#5 /home/edinstvenij/PhpstormProjects/Laravel_05_24/vendor/laravel/framework/src/Illuminate/Database/Connection.php(1219): call_user_func()
#6 /home/edinstvenij/PhpstormProjects/Laravel_05_24/vendor/laravel/framework/src/Illuminate/Database/Connection.php(565): Illuminate\\Database\\Connection->getPdo()
#7 /home/edinstvenij/PhpstormProjects/Laravel_05_24/vendor/laravel/framework/src/Illuminate/Database/Connection.php(800): Illuminate\\Database\\Connection->Illuminate\\Database\\{closure}()
#8 /home/edinstvenij/PhpstormProjects/Laravel_05_24/vendor/laravel/framework/src/Illuminate/Database/Connection.php(767): Illuminate\\Database\\Connection->runQueryCallback()
#9 /home/edinstvenij/PhpstormProjects/Laravel_05_24/vendor/laravel/framework/src/Illuminate/Database/Connection.php(560): Illuminate\\Database\\Connection->run()
#10 /home/edinstvenij/PhpstormProjects/Laravel_05_24/vendor/laravel/framework/src/Illuminate/Database/Connection.php(524): Illuminate\\Database\\Connection->statement()
#11 /home/edinstvenij/PhpstormProjects/Laravel_05_24/vendor/laravel/framework/src/Illuminate/Database/Query/Builder.php(3611): Illuminate\\Database\\Connection->insert()
#12 /home/edinstvenij/PhpstormProjects/Laravel_05_24/vendor/laravel/telescope/src/Storage/DatabaseEntriesRepository.php(145): Illuminate\\Database\\Query\\Builder->insert()
#13 /home/edinstvenij/PhpstormProjects/Laravel_05_24/vendor/laravel/framework/src/Illuminate/Collections/Traits/EnumeratesValues.php(259): Laravel\\Telescope\\Storage\\DatabaseEntriesRepository->Laravel\\Telescope\\Storage\\{closure}()
#14 /home/edinstvenij/PhpstormProjects/Laravel_05_24/vendor/laravel/telescope/src/Storage/DatabaseEntriesRepository.php(144): Illuminate\\Support\\Collection->each()
#15 /home/edinstvenij/PhpstormProjects/Laravel_05_24/vendor/laravel/telescope/src/Telescope.php(661): Laravel\\Telescope\\Storage\\DatabaseEntriesRepository->store()
#16 [internal function]: Laravel\\Telescope\\Telescope::Laravel\\Telescope\\{closure}()
#17 /home/edinstvenij/PhpstormProjects/Laravel_05_24/vendor/laravel/telescope/src/Telescope.php(286): call_user_func()
#18 /home/edinstvenij/PhpstormProjects/Laravel_05_24/vendor/laravel/telescope/src/Telescope.php(653): Laravel\\Telescope\\Telescope::withoutRecording()
#19 /home/edinstvenij/PhpstormProjects/Laravel_05_24/vendor/laravel/telescope/src/ListensForStorageOpportunities.php(65): Laravel\\Telescope\\Telescope::store()
#20 /home/edinstvenij/PhpstormProjects/Laravel_05_24/vendor/laravel/framework/src/Illuminate/Container/BoundMethod.php(36): Laravel\\Telescope\\Telescope::Laravel\\Telescope\\{closure}()
#21 /home/edinstvenij/PhpstormProjects/Laravel_05_24/vendor/laravel/framework/src/Illuminate/Container/Util.php(41): Illuminate\\Container\\BoundMethod::Illuminate\\Container\\{closure}()
#22 /home/edinstvenij/PhpstormProjects/Laravel_05_24/vendor/laravel/framework/src/Illuminate/Container/BoundMethod.php(81): Illuminate\\Container\\Util::unwrapIfClosure()
#23 /home/edinstvenij/PhpstormProjects/Laravel_05_24/vendor/laravel/framework/src/Illuminate/Container/BoundMethod.php(35): Illuminate\\Container\\BoundMethod::callBoundMethod()
#24 /home/edinstvenij/PhpstormProjects/Laravel_05_24/vendor/laravel/framework/src/Illuminate/Container/Container.php(690): Illuminate\\Container\\BoundMethod::call()
#25 /home/edinstvenij/PhpstormProjects/Laravel_05_24/vendor/laravel/framework/src/Illuminate/Foundation/Application.php(1420): Illuminate\\Container\\Container->call()
#26 /home/edinstvenij/PhpstormProjects/Laravel_05_24/vendor/laravel/framework/src/Illuminate/Foundation/Console/Kernel.php(215): Illuminate\\Foundation\\Application->terminate()
#27 /home/edinstvenij/PhpstormProjects/Laravel_05_24/vendor/laravel/framework/src/Illuminate/Foundation/Application.php(1208): Illuminate\\Foundation\\Console\\Kernel->terminate()
#28 /home/edinstvenij/PhpstormProjects/Laravel_05_24/artisan(13): Illuminate\\Foundation\\Application->handleCommand()
#29 {main}
"} 
[2024-07-20 11:28:02] local.ERROR: Connection refused {"exception":"[object] (RedisException(code: 0): Connection refused at /var/www/html/vendor/laravel/framework/src/Illuminate/Redis/Connectors/PhpRedisConnector.php:159)
[stacktrace]
#0 /var/www/html/vendor/laravel/framework/src/Illuminate/Redis/Connectors/PhpRedisConnector.php(159): Redis->connect()
#1 /var/www/html/vendor/laravel/framework/src/Illuminate/Redis/Connectors/PhpRedisConnector.php(88): Illuminate\\Redis\\Connectors\\PhpRedisConnector->establishConnection()
#2 /var/www/html/vendor/laravel/framework/src/Illuminate/Support/helpers.php(380): Illuminate\\Redis\\Connectors\\PhpRedisConnector->Illuminate\\Redis\\Connectors\\{closure}()
#3 /var/www/html/vendor/laravel/framework/src/Illuminate/Redis/Connectors/PhpRedisConnector.php(79): tap()
#4 /var/www/html/vendor/laravel/framework/src/Illuminate/Redis/Connectors/PhpRedisConnector.php(33): Illuminate\\Redis\\Connectors\\PhpRedisConnector->createClient()
#5 /var/www/html/vendor/laravel/framework/src/Illuminate/Redis/Connectors/PhpRedisConnector.php(38): Illuminate\\Redis\\Connectors\\PhpRedisConnector->Illuminate\\Redis\\Connectors\\{closure}()
#6 /var/www/html/vendor/laravel/framework/src/Illuminate/Redis/RedisManager.php(110): Illuminate\\Redis\\Connectors\\PhpRedisConnector->connect()
#7 /var/www/html/vendor/laravel/framework/src/Illuminate/Redis/RedisManager.php(91): Illuminate\\Redis\\RedisManager->resolve()
#8 /var/www/html/vendor/laravel/framework/src/Illuminate/Cache/RedisStore.php(330): Illuminate\\Redis\\RedisManager->connection()
#9 /var/www/html/vendor/laravel/framework/src/Illuminate/Cache/RedisStore.php(65): Illuminate\\Cache\\RedisStore->connection()
#10 /var/www/html/vendor/laravel/framework/src/Illuminate/Cache/Repository.php(116): Illuminate\\Cache\\RedisStore->get()
#11 /var/www/html/vendor/laravel/framework/src/Illuminate/Session/CacheBasedSessionHandler.php(64): Illuminate\\Cache\\Repository->get()
#12 /var/www/html/vendor/laravel/framework/src/Illuminate/Session/Store.php(113): Illuminate\\Session\\CacheBasedSessionHandler->read()
#13 /var/www/html/vendor/laravel/framework/src/Illuminate/Session/Store.php(101): Illuminate\\Session\\Store->readFromHandler()
#14 /var/www/html/vendor/laravel/framework/src/Illuminate/Session/Store.php(85): Illuminate\\Session\\Store->loadSession()
#15 /var/www/html/vendor/laravel/framework/src/Illuminate/Session/Middleware/StartSession.php(147): Illuminate\\Session\\Store->start()
#16 /var/www/html/vendor/laravel/framework/src/Illuminate/Support/helpers.php(380): Illuminate\\Session\\Middleware\\StartSession->Illuminate\\Session\\Middleware\\{closure}()
#17 /var/www/html/vendor/laravel/framework/src/Illuminate/Session/Middleware/StartSession.php(144): tap()
#18 /var/www/html/vendor/laravel/framework/src/Illuminate/Session/Middleware/StartSession.php(116): Illuminate\\Session\\Middleware\\StartSession->startSession()
#19 /var/www/html/vendor/laravel/framework/src/Illuminate/Session/Middleware/StartSession.php(64): Illuminate\\Session\\Middleware\\StartSession->handleStatefulRequest()
#20 /var/www/html/vendor/laravel/framework/src/Illuminate/Pipeline/Pipeline.php(183): Illuminate\\Session\\Middleware\\StartSession->handle()
#21 /var/www/html/vendor/laravel/framework/src/Illuminate/Cookie/Middleware/AddQueuedCookiesToResponse.php(37): Illuminate\\Pipeline\\Pipeline->Illuminate\\Pipeline\\{closure}()
#22 /var/www/html/vendor/laravel/framework/src/Illuminate/Pipeline/Pipeline.php(183): Illuminate\\Cookie\\Middleware\\AddQueuedCookiesToResponse->handle()
#23 /var/www/html/vendor/laravel/framework/src/Illuminate/Cookie/Middleware/EncryptCookies.php(75): Illuminate\\Pipeline\\Pipeline->Illuminate\\Pipeline\\{closure}()
#24 /var/www/html/vendor/laravel/framework/src/Illuminate/Pipeline/Pipeline.php(183): Illuminate\\Cookie\\Middleware\\EncryptCookies->handle()
#25 /var/www/html/vendor/laravel/framework/src/Illuminate/Pipeline/Pipeline.php(119): Illuminate\\Pipeline\\Pipeline->Illuminate\\Pipeline\\{closure}()
#26 /var/www/html/vendor/laravel/framework/src/Illuminate/Routing/Router.php(807): Illuminate\\Pipeline\\Pipeline->then()
#27 /var/www/html/vendor/laravel/framework/src/Illuminate/Routing/Router.php(786): Illuminate\\Routing\\Router->runRouteWithinStack()
#28 /var/www/html/vendor/laravel/framework/src/Illuminate/Routing/Router.php(750): Illuminate\\Routing\\Router->runRoute()
#29 /var/www/html/vendor/laravel/framework/src/Illuminate/Routing/Router.php(739): Illuminate\\Routing\\Router->dispatchToRoute()
#30 /var/www/html/vendor/laravel/framework/src/Illuminate/Foundation/Http/Kernel.php(200): Illuminate\\Routing\\Router->dispatch()
#31 /var/www/html/vendor/laravel/framework/src/Illuminate/Pipeline/Pipeline.php(144): Illuminate\\Foundation\\Http\\Kernel->Illuminate\\Foundation\\Http\\{closure}()
#32 /var/www/html/vendor/laravel/framework/src/Illuminate/Foundation/Http/Middleware/TransformsRequest.php(21): Illuminate\\Pipeline\\Pipeline->Illuminate\\Pipeline\\{closure}()
#33 /var/www/html/vendor/laravel/framework/src/Illuminate/Foundation/Http/Middleware/ConvertEmptyStringsToNull.php(31): Illuminate\\Foundation\\Http\\Middleware\\TransformsRequest->handle()
#34 /var/www/html/vendor/laravel/framework/src/Illuminate/Pipeline/Pipeline.php(183): Illuminate\\Foundation\\Http\\Middleware\\ConvertEmptyStringsToNull->handle()
#35 /var/www/html/vendor/laravel/framework/src/Illuminate/Foundation/Http/Middleware/TransformsRequest.php(21): Illuminate\\Pipeline\\Pipeline->Illuminate\\Pipeline\\{closure}()
#36 /var/www/html/vendor/laravel/framework/src/Illuminate/Foundation/Http/Middleware/TrimStrings.php(51): Illuminate\\Foundation\\Http\\Middleware\\TransformsRequest->handle()
#37 /var/www/html/vendor/laravel/framework/src/Illuminate/Pipeline/Pipeline.php(183): Illuminate\\Foundation\\Http\\Middleware\\TrimStrings->handle()
#38 /var/www/html/vendor/laravel/framework/src/Illuminate/Http/Middleware/ValidatePostSize.php(27): Illuminate\\Pipeline\\Pipeline->Illuminate\\Pipeline\\{closure}()
#39 /var/www/html/vendor/laravel/framework/src/Illuminate/Pipeline/Pipeline.php(183): Illuminate\\Http\\Middleware\\ValidatePostSize->handle()
#40 /var/www/html/vendor/laravel/framework/src/Illuminate/Foundation/Http/Middleware/PreventRequestsDuringMaintenance.php(110): Illuminate\\Pipeline\\Pipeline->Illuminate\\Pipeline\\{closure}()
#41 /var/www/html/vendor/laravel/framework/src/Illuminate/Pipeline/Pipeline.php(183): Illuminate\\Foundation\\Http\\Middleware\\PreventRequestsDuringMaintenance->handle()
#42 /var/www/html/vendor/laravel/framework/src/Illuminate/Http/Middleware/HandleCors.php(49): Illuminate\\Pipeline\\Pipeline->Illuminate\\Pipeline\\{closure}()
#43 /var/www/html/vendor/laravel/framework/src/Illuminate/Pipeline/Pipeline.php(183): Illuminate\\Http\\Middleware\\HandleCors->handle()
#44 /var/www/html/vendor/laravel/framework/src/Illuminate/Http/Middleware/TrustProxies.php(57): Illuminate\\Pipeline\\Pipeline->Illuminate\\Pipeline\\{closure}()
#45 /var/www/html/vendor/laravel/framework/src/Illuminate/Pipeline/Pipeline.php(183): Illuminate\\Http\\Middleware\\TrustProxies->handle()
#46 /var/www/html/vendor/laravel/framework/src/Illuminate/Pipeline/Pipeline.php(119): Illuminate\\Pipeline\\Pipeline->Illuminate\\Pipeline\\{closure}()
#47 /var/www/html/vendor/laravel/framework/src/Illuminate/Foundation/Http/Kernel.php(175): Illuminate\\Pipeline\\Pipeline->then()
#48 /var/www/html/vendor/laravel/framework/src/Illuminate/Foundation/Http/Kernel.php(144): Illuminate\\Foundation\\Http\\Kernel->sendRequestThroughRouter()
#49 /var/www/html/vendor/laravel/framework/src/Illuminate/Foundation/Application.php(1188): Illuminate\\Foundation\\Http\\Kernel->handle()
#50 /var/www/html/public/index.php(17): Illuminate\\Foundation\\Application->handleRequest()
#51 /var/www/html/vendor/laravel/framework/src/Illuminate/Foundation/resources/server.php(23): require_once('...')
#52 {main}
"} 
[2024-07-20 11:29:42] local.ERROR: Connection refused {"exception":"[object] (RedisException(code: 0): Connection refused at /var/www/html/vendor/laravel/framework/src/Illuminate/Redis/Connectors/PhpRedisConnector.php:159)
[stacktrace]
#0 /var/www/html/vendor/laravel/framework/src/Illuminate/Redis/Connectors/PhpRedisConnector.php(159): Redis->connect()
#1 /var/www/html/vendor/laravel/framework/src/Illuminate/Redis/Connectors/PhpRedisConnector.php(88): Illuminate\\Redis\\Connectors\\PhpRedisConnector->establishConnection()
#2 /var/www/html/vendor/laravel/framework/src/Illuminate/Support/helpers.php(380): Illuminate\\Redis\\Connectors\\PhpRedisConnector->Illuminate\\Redis\\Connectors\\{closure}()
#3 /var/www/html/vendor/laravel/framework/src/Illuminate/Redis/Connectors/PhpRedisConnector.php(79): tap()
#4 /var/www/html/vendor/laravel/framework/src/Illuminate/Redis/Connectors/PhpRedisConnector.php(33): Illuminate\\Redis\\Connectors\\PhpRedisConnector->createClient()
#5 /var/www/html/vendor/laravel/framework/src/Illuminate/Redis/Connectors/PhpRedisConnector.php(38): Illuminate\\Redis\\Connectors\\PhpRedisConnector->Illuminate\\Redis\\Connectors\\{closure}()
#6 /var/www/html/vendor/laravel/framework/src/Illuminate/Redis/RedisManager.php(110): Illuminate\\Redis\\Connectors\\PhpRedisConnector->connect()
#7 /var/www/html/vendor/laravel/framework/src/Illuminate/Redis/RedisManager.php(91): Illuminate\\Redis\\RedisManager->resolve()
#8 /var/www/html/vendor/laravel/framework/src/Illuminate/Cache/RedisStore.php(330): Illuminate\\Redis\\RedisManager->connection()
#9 /var/www/html/vendor/laravel/framework/src/Illuminate/Cache/RedisStore.php(65): Illuminate\\Cache\\RedisStore->connection()
#10 /var/www/html/vendor/laravel/framework/src/Illuminate/Cache/Repository.php(116): Illuminate\\Cache\\RedisStore->get()
#11 /var/www/html/vendor/laravel/framework/src/Illuminate/Session/CacheBasedSessionHandler.php(64): Illuminate\\Cache\\Repository->get()
#12 /var/www/html/vendor/laravel/framework/src/Illuminate/Session/Store.php(113): Illuminate\\Session\\CacheBasedSessionHandler->read()
#13 /var/www/html/vendor/laravel/framework/src/Illuminate/Session/Store.php(101): Illuminate\\Session\\Store->readFromHandler()
#14 /var/www/html/vendor/laravel/framework/src/Illuminate/Session/Store.php(85): Illuminate\\Session\\Store->loadSession()
#15 /var/www/html/vendor/laravel/framework/src/Illuminate/Session/Middleware/StartSession.php(147): Illuminate\\Session\\Store->start()
#16 /var/www/html/vendor/laravel/framework/src/Illuminate/Support/helpers.php(380): Illuminate\\Session\\Middleware\\StartSession->Illuminate\\Session\\Middleware\\{closure}()
#17 /var/www/html/vendor/laravel/framework/src/Illuminate/Session/Middleware/StartSession.php(144): tap()
#18 /var/www/html/vendor/laravel/framework/src/Illuminate/Session/Middleware/StartSession.php(116): Illuminate\\Session\\Middleware\\StartSession->startSession()
#19 /var/www/html/vendor/laravel/framework/src/Illuminate/Session/Middleware/StartSession.php(64): Illuminate\\Session\\Middleware\\StartSession->handleStatefulRequest()
#20 /var/www/html/vendor/laravel/framework/src/Illuminate/Pipeline/Pipeline.php(183): Illuminate\\Session\\Middleware\\StartSession->handle()
#21 /var/www/html/vendor/laravel/framework/src/Illuminate/Cookie/Middleware/AddQueuedCookiesToResponse.php(37): Illuminate\\Pipeline\\Pipeline->Illuminate\\Pipeline\\{closure}()
#22 /var/www/html/vendor/laravel/framework/src/Illuminate/Pipeline/Pipeline.php(183): Illuminate\\Cookie\\Middleware\\AddQueuedCookiesToResponse->handle()
#23 /var/www/html/vendor/laravel/framework/src/Illuminate/Cookie/Middleware/EncryptCookies.php(75): Illuminate\\Pipeline\\Pipeline->Illuminate\\Pipeline\\{closure}()
#24 /var/www/html/vendor/laravel/framework/src/Illuminate/Pipeline/Pipeline.php(183): Illuminate\\Cookie\\Middleware\\EncryptCookies->handle()
#25 /var/www/html/vendor/laravel/framework/src/Illuminate/Pipeline/Pipeline.php(119): Illuminate\\Pipeline\\Pipeline->Illuminate\\Pipeline\\{closure}()
#26 /var/www/html/vendor/laravel/framework/src/Illuminate/Routing/Router.php(807): Illuminate\\Pipeline\\Pipeline->then()
#27 /var/www/html/vendor/laravel/framework/src/Illuminate/Routing/Router.php(786): Illuminate\\Routing\\Router->runRouteWithinStack()
#28 /var/www/html/vendor/laravel/framework/src/Illuminate/Routing/Router.php(750): Illuminate\\Routing\\Router->runRoute()
#29 /var/www/html/vendor/laravel/framework/src/Illuminate/Routing/Router.php(739): Illuminate\\Routing\\Router->dispatchToRoute()
#30 /var/www/html/vendor/laravel/framework/src/Illuminate/Foundation/Http/Kernel.php(200): Illuminate\\Routing\\Router->dispatch()
#31 /var/www/html/vendor/laravel/framework/src/Illuminate/Pipeline/Pipeline.php(144): Illuminate\\Foundation\\Http\\Kernel->Illuminate\\Foundation\\Http\\{closure}()
#32 /var/www/html/vendor/laravel/framework/src/Illuminate/Foundation/Http/Middleware/TransformsRequest.php(21): Illuminate\\Pipeline\\Pipeline->Illuminate\\Pipeline\\{closure}()
#33 /var/www/html/vendor/laravel/framework/src/Illuminate/Foundation/Http/Middleware/ConvertEmptyStringsToNull.php(31): Illuminate\\Foundation\\Http\\Middleware\\TransformsRequest->handle()
#34 /var/www/html/vendor/laravel/framework/src/Illuminate/Pipeline/Pipeline.php(183): Illuminate\\Foundation\\Http\\Middleware\\ConvertEmptyStringsToNull->handle()
#35 /var/www/html/vendor/laravel/framework/src/Illuminate/Foundation/Http/Middleware/TransformsRequest.php(21): Illuminate\\Pipeline\\Pipeline->Illuminate\\Pipeline\\{closure}()
#36 /var/www/html/vendor/laravel/framework/src/Illuminate/Foundation/Http/Middleware/TrimStrings.php(51): Illuminate\\Foundation\\Http\\Middleware\\TransformsRequest->handle()
#37 /var/www/html/vendor/laravel/framework/src/Illuminate/Pipeline/Pipeline.php(183): Illuminate\\Foundation\\Http\\Middleware\\TrimStrings->handle()
#38 /var/www/html/vendor/laravel/framework/src/Illuminate/Http/Middleware/ValidatePostSize.php(27): Illuminate\\Pipeline\\Pipeline->Illuminate\\Pipeline\\{closure}()
#39 /var/www/html/vendor/laravel/framework/src/Illuminate/Pipeline/Pipeline.php(183): Illuminate\\Http\\Middleware\\ValidatePostSize->handle()
#40 /var/www/html/vendor/laravel/framework/src/Illuminate/Foundation/Http/Middleware/PreventRequestsDuringMaintenance.php(110): Illuminate\\Pipeline\\Pipeline->Illuminate\\Pipeline\\{closure}()
#41 /var/www/html/vendor/laravel/framework/src/Illuminate/Pipeline/Pipeline.php(183): Illuminate\\Foundation\\Http\\Middleware\\PreventRequestsDuringMaintenance->handle()
#42 /var/www/html/vendor/laravel/framework/src/Illuminate/Http/Middleware/HandleCors.php(49): Illuminate\\Pipeline\\Pipeline->Illuminate\\Pipeline\\{closure}()
#43 /var/www/html/vendor/laravel/framework/src/Illuminate/Pipeline/Pipeline.php(183): Illuminate\\Http\\Middleware\\HandleCors->handle()
#44 /var/www/html/vendor/laravel/framework/src/Illuminate/Http/Middleware/TrustProxies.php(57): Illuminate\\Pipeline\\Pipeline->Illuminate\\Pipeline\\{closure}()
#45 /var/www/html/vendor/laravel/framework/src/Illuminate/Pipeline/Pipeline.php(183): Illuminate\\Http\\Middleware\\TrustProxies->handle()
#46 /var/www/html/vendor/laravel/framework/src/Illuminate/Pipeline/Pipeline.php(119): Illuminate\\Pipeline\\Pipeline->Illuminate\\Pipeline\\{closure}()
#47 /var/www/html/vendor/laravel/framework/src/Illuminate/Foundation/Http/Kernel.php(175): Illuminate\\Pipeline\\Pipeline->then()
#48 /var/www/html/vendor/laravel/framework/src/Illuminate/Foundation/Http/Kernel.php(144): Illuminate\\Foundation\\Http\\Kernel->sendRequestThroughRouter()
#49 /var/www/html/vendor/laravel/framework/src/Illuminate/Foundation/Application.php(1188): Illuminate\\Foundation\\Http\\Kernel->handle()
#50 /var/www/html/public/index.php(17): Illuminate\\Foundation\\Application->handleRequest()
#51 /var/www/html/vendor/laravel/framework/src/Illuminate/Foundation/resources/server.php(23): require_once('...')
#52 {main}
"} 
