[2024-08-23 17:23:39] local.ERROR: SQLSTATE[08006] [7] could not translate host name "pgsql" to address: Temporary failure in name resolution (Connection: pgsql, SQL: insert into "telescope_entries" ("batch_id", "content", "created_at", "family_hash", "type", "uuid") values (9cd61a86-d10d-4905-8aa0-a9a2f7da5a82, {"command":"key:generate","exit_code":0,"arguments":{"command":"key:generate"},"options":{"show":false,"force":false,"help":false,"quiet":false,"verbose":false,"version":false,"ansi":true,"no-interaction":false,"env":null},"hostname":"edinstvenij-Zenbook-UX425QA-UM425QA"}, 2024-08-23 17:23:39, ?, command, 9cd61a86-ce36-4a0e-bbbc-41416e786a06)) {"exception":"[object] (Illuminate\\Database\\QueryException(code: 7): SQLSTATE[08006] [7] could not translate host name \"pgsql\" to address: Temporary failure in name resolution (Connection: pgsql, SQL: insert into \"telescope_entries\" (\"batch_id\", \"content\", \"created_at\", \"family_hash\", \"type\", \"uuid\") values (9cd61a86-d10d-4905-8aa0-a9a2f7da5a82, {\"command\":\"key:generate\",\"exit_code\":0,\"arguments\":{\"command\":\"key:generate\"},\"options\":{\"show\":false,\"force\":false,\"help\":false,\"quiet\":false,\"verbose\":false,\"version\":false,\"ansi\":true,\"no-interaction\":false,\"env\":null},\"hostname\":\"edinstvenij-Zenbook-UX425QA-UM425QA\"}, 2024-08-23 17:23:39, ?, command, 9cd61a86-ce36-4a0e-bbbc-41416e786a06)) at /home/edinstvenij/PhpstormProjects/Laravel_05_24/vendor/laravel/framework/src/Illuminate/Database/Connection.php:825)
[stacktrace]
#0 /home/edinstvenij/PhpstormProjects/Laravel_05_24/vendor/laravel/framework/src/Illuminate/Database/Connection.php(979): Illuminate\\Database\\Connection->runQueryCallback()
#1 /home/edinstvenij/PhpstormProjects/Laravel_05_24/vendor/laravel/framework/src/Illuminate/Database/Connection.php(958): Illuminate\\Database\\Connection->tryAgainIfCausedByLostConnection()
#2 /home/edinstvenij/PhpstormProjects/Laravel_05_24/vendor/laravel/framework/src/Illuminate/Database/Connection.php(781): Illuminate\\Database\\Connection->handleQueryException()
#3 /home/edinstvenij/PhpstormProjects/Laravel_05_24/vendor/laravel/framework/src/Illuminate/Database/Connection.php(560): Illuminate\\Database\\Connection->run()
#4 /home/edinstvenij/PhpstormProjects/Laravel_05_24/vendor/laravel/framework/src/Illuminate/Database/Connection.php(524): Illuminate\\Database\\Connection->statement()
#5 /home/edinstvenij/PhpstormProjects/Laravel_05_24/vendor/laravel/framework/src/Illuminate/Database/Query/Builder.php(3703): Illuminate\\Database\\Connection->insert()
#6 /home/edinstvenij/PhpstormProjects/Laravel_05_24/vendor/laravel/telescope/src/Storage/DatabaseEntriesRepository.php(147): Illuminate\\Database\\Query\\Builder->insert()
#7 /home/edinstvenij/PhpstormProjects/Laravel_05_24/vendor/laravel/framework/src/Illuminate/Collections/Traits/EnumeratesValues.php(257): Laravel\\Telescope\\Storage\\DatabaseEntriesRepository->Laravel\\Telescope\\Storage\\{closure}()
#8 /home/edinstvenij/PhpstormProjects/Laravel_05_24/vendor/laravel/telescope/src/Storage/DatabaseEntriesRepository.php(146): Illuminate\\Support\\Collection->each()
#9 /home/edinstvenij/PhpstormProjects/Laravel_05_24/vendor/laravel/telescope/src/Telescope.php(661): Laravel\\Telescope\\Storage\\DatabaseEntriesRepository->store()
#10 [internal function]: Laravel\\Telescope\\Telescope::Laravel\\Telescope\\{closure}()
#11 /home/edinstvenij/PhpstormProjects/Laravel_05_24/vendor/laravel/telescope/src/Telescope.php(286): call_user_func()
#12 /home/edinstvenij/PhpstormProjects/Laravel_05_24/vendor/laravel/telescope/src/Telescope.php(653): Laravel\\Telescope\\Telescope::withoutRecording()
#13 /home/edinstvenij/PhpstormProjects/Laravel_05_24/vendor/laravel/telescope/src/ListensForStorageOpportunities.php(65): Laravel\\Telescope\\Telescope::store()
#14 /home/edinstvenij/PhpstormProjects/Laravel_05_24/vendor/laravel/framework/src/Illuminate/Container/BoundMethod.php(36): Laravel\\Telescope\\Telescope::Laravel\\Telescope\\{closure}()
#15 /home/edinstvenij/PhpstormProjects/Laravel_05_24/vendor/laravel/framework/src/Illuminate/Container/Util.php(43): Illuminate\\Container\\BoundMethod::Illuminate\\Container\\{closure}()
#16 /home/edinstvenij/PhpstormProjects/Laravel_05_24/vendor/laravel/framework/src/Illuminate/Container/BoundMethod.php(83): Illuminate\\Container\\Util::unwrapIfClosure()
#17 /home/edinstvenij/PhpstormProjects/Laravel_05_24/vendor/laravel/framework/src/Illuminate/Container/BoundMethod.php(35): Illuminate\\Container\\BoundMethod::callBoundMethod()
#18 /home/edinstvenij/PhpstormProjects/Laravel_05_24/vendor/laravel/framework/src/Illuminate/Container/Container.php(690): Illuminate\\Container\\BoundMethod::call()
#19 /home/edinstvenij/PhpstormProjects/Laravel_05_24/vendor/laravel/framework/src/Illuminate/Foundation/Application.php(1420): Illuminate\\Container\\Container->call()
#20 /home/edinstvenij/PhpstormProjects/Laravel_05_24/vendor/laravel/framework/src/Illuminate/Foundation/Console/Kernel.php(218): Illuminate\\Foundation\\Application->terminate()
#21 /home/edinstvenij/PhpstormProjects/Laravel_05_24/vendor/laravel/framework/src/Illuminate/Foundation/Application.php(1208): Illuminate\\Foundation\\Console\\Kernel->terminate()
#22 /home/edinstvenij/PhpstormProjects/Laravel_05_24/artisan(13): Illuminate\\Foundation\\Application->handleCommand()
#23 {main}

[previous exception] [object] (PDOException(code: 7): SQLSTATE[08006] [7] could not translate host name \"pgsql\" to address: Temporary failure in name resolution at /home/edinstvenij/PhpstormProjects/Laravel_05_24/vendor/laravel/framework/src/Illuminate/Database/Connectors/Connector.php:65)
[stacktrace]
#0 /home/edinstvenij/PhpstormProjects/Laravel_05_24/vendor/laravel/framework/src/Illuminate/Database/Connectors/Connector.php(65): PDO->__construct()
#1 /home/edinstvenij/PhpstormProjects/Laravel_05_24/vendor/laravel/framework/src/Illuminate/Database/Connectors/Connector.php(83): Illuminate\\Database\\Connectors\\Connector->createPdoConnection()
#2 /home/edinstvenij/PhpstormProjects/Laravel_05_24/vendor/laravel/framework/src/Illuminate/Database/Connectors/Connector.php(48): Illuminate\\Database\\Connectors\\Connector->tryAgainIfCausedByLostConnection()
#3 /home/edinstvenij/PhpstormProjects/Laravel_05_24/vendor/laravel/framework/src/Illuminate/Database/Connectors/PostgresConnector.php(35): Illuminate\\Database\\Connectors\\Connector->createConnection()
#4 /home/edinstvenij/PhpstormProjects/Laravel_05_24/vendor/laravel/framework/src/Illuminate/Database/Connectors/ConnectionFactory.php(185): Illuminate\\Database\\Connectors\\PostgresConnector->connect()
#5 [internal function]: Illuminate\\Database\\Connectors\\ConnectionFactory->Illuminate\\Database\\Connectors\\{closure}()
#6 /home/edinstvenij/PhpstormProjects/Laravel_05_24/vendor/laravel/framework/src/Illuminate/Database/Connection.php(1231): call_user_func()
#7 /home/edinstvenij/PhpstormProjects/Laravel_05_24/vendor/laravel/framework/src/Illuminate/Database/Connection.php(565): Illuminate\\Database\\Connection->getPdo()
#8 /home/edinstvenij/PhpstormProjects/Laravel_05_24/vendor/laravel/framework/src/Illuminate/Database/Connection.php(812): Illuminate\\Database\\Connection->Illuminate\\Database\\{closure}()
#9 /home/edinstvenij/PhpstormProjects/Laravel_05_24/vendor/laravel/framework/src/Illuminate/Database/Connection.php(979): Illuminate\\Database\\Connection->runQueryCallback()
#10 /home/edinstvenij/PhpstormProjects/Laravel_05_24/vendor/laravel/framework/src/Illuminate/Database/Connection.php(958): Illuminate\\Database\\Connection->tryAgainIfCausedByLostConnection()
#11 /home/edinstvenij/PhpstormProjects/Laravel_05_24/vendor/laravel/framework/src/Illuminate/Database/Connection.php(781): Illuminate\\Database\\Connection->handleQueryException()
#12 /home/edinstvenij/PhpstormProjects/Laravel_05_24/vendor/laravel/framework/src/Illuminate/Database/Connection.php(560): Illuminate\\Database\\Connection->run()
#13 /home/edinstvenij/PhpstormProjects/Laravel_05_24/vendor/laravel/framework/src/Illuminate/Database/Connection.php(524): Illuminate\\Database\\Connection->statement()
#14 /home/edinstvenij/PhpstormProjects/Laravel_05_24/vendor/laravel/framework/src/Illuminate/Database/Query/Builder.php(3703): Illuminate\\Database\\Connection->insert()
#15 /home/edinstvenij/PhpstormProjects/Laravel_05_24/vendor/laravel/telescope/src/Storage/DatabaseEntriesRepository.php(147): Illuminate\\Database\\Query\\Builder->insert()
#16 /home/edinstvenij/PhpstormProjects/Laravel_05_24/vendor/laravel/framework/src/Illuminate/Collections/Traits/EnumeratesValues.php(257): Laravel\\Telescope\\Storage\\DatabaseEntriesRepository->Laravel\\Telescope\\Storage\\{closure}()
#17 /home/edinstvenij/PhpstormProjects/Laravel_05_24/vendor/laravel/telescope/src/Storage/DatabaseEntriesRepository.php(146): Illuminate\\Support\\Collection->each()
#18 /home/edinstvenij/PhpstormProjects/Laravel_05_24/vendor/laravel/telescope/src/Telescope.php(661): Laravel\\Telescope\\Storage\\DatabaseEntriesRepository->store()
#19 [internal function]: Laravel\\Telescope\\Telescope::Laravel\\Telescope\\{closure}()
#20 /home/edinstvenij/PhpstormProjects/Laravel_05_24/vendor/laravel/telescope/src/Telescope.php(286): call_user_func()
#21 /home/edinstvenij/PhpstormProjects/Laravel_05_24/vendor/laravel/telescope/src/Telescope.php(653): Laravel\\Telescope\\Telescope::withoutRecording()
#22 /home/edinstvenij/PhpstormProjects/Laravel_05_24/vendor/laravel/telescope/src/ListensForStorageOpportunities.php(65): Laravel\\Telescope\\Telescope::store()
#23 /home/edinstvenij/PhpstormProjects/Laravel_05_24/vendor/laravel/framework/src/Illuminate/Container/BoundMethod.php(36): Laravel\\Telescope\\Telescope::Laravel\\Telescope\\{closure}()
#24 /home/edinstvenij/PhpstormProjects/Laravel_05_24/vendor/laravel/framework/src/Illuminate/Container/Util.php(43): Illuminate\\Container\\BoundMethod::Illuminate\\Container\\{closure}()
#25 /home/edinstvenij/PhpstormProjects/Laravel_05_24/vendor/laravel/framework/src/Illuminate/Container/BoundMethod.php(83): Illuminate\\Container\\Util::unwrapIfClosure()
#26 /home/edinstvenij/PhpstormProjects/Laravel_05_24/vendor/laravel/framework/src/Illuminate/Container/BoundMethod.php(35): Illuminate\\Container\\BoundMethod::callBoundMethod()
#27 /home/edinstvenij/PhpstormProjects/Laravel_05_24/vendor/laravel/framework/src/Illuminate/Container/Container.php(690): Illuminate\\Container\\BoundMethod::call()
#28 /home/edinstvenij/PhpstormProjects/Laravel_05_24/vendor/laravel/framework/src/Illuminate/Foundation/Application.php(1420): Illuminate\\Container\\Container->call()
#29 /home/edinstvenij/PhpstormProjects/Laravel_05_24/vendor/laravel/framework/src/Illuminate/Foundation/Console/Kernel.php(218): Illuminate\\Foundation\\Application->terminate()
#30 /home/edinstvenij/PhpstormProjects/Laravel_05_24/vendor/laravel/framework/src/Illuminate/Foundation/Application.php(1208): Illuminate\\Foundation\\Console\\Kernel->terminate()
#31 /home/edinstvenij/PhpstormProjects/Laravel_05_24/artisan(13): Illuminate\\Foundation\\Application->handleCommand()
#32 {main}
"} 
[2024-08-23 17:23:39] local.ERROR: SQLSTATE[08006] [7] could not translate host name "pgsql" to address: Temporary failure in name resolution (Connection: pgsql, SQL: insert into "telescope_entries" ("batch_id", "content", "created_at", "family_hash", "type", "uuid") values (9cd61a87-2171-4d9c-97aa-1eeacea3f1a1, {"command":"migrate","exit_code":0,"arguments":{"command":"migrate"},"options":{"database":null,"force":false,"path":[],"realpath":false,"schema-path":null,"pretend":false,"seed":false,"seeder":null,"step":false,"graceful":true,"isolated":false,"help":false,"quiet":false,"verbose":false,"version":false,"ansi":true,"no-interaction":false,"env":null},"hostname":"edinstvenij-Zenbook-UX425QA-UM425QA"}, 2024-08-23 17:23:39, ?, command, 9cd61a87-202f-4215-b3f1-111e40ccf595)) {"exception":"[object] (Illuminate\\Database\\QueryException(code: 7): SQLSTATE[08006] [7] could not translate host name \"pgsql\" to address: Temporary failure in name resolution (Connection: pgsql, SQL: insert into \"telescope_entries\" (\"batch_id\", \"content\", \"created_at\", \"family_hash\", \"type\", \"uuid\") values (9cd61a87-2171-4d9c-97aa-1eeacea3f1a1, {\"command\":\"migrate\",\"exit_code\":0,\"arguments\":{\"command\":\"migrate\"},\"options\":{\"database\":null,\"force\":false,\"path\":[],\"realpath\":false,\"schema-path\":null,\"pretend\":false,\"seed\":false,\"seeder\":null,\"step\":false,\"graceful\":true,\"isolated\":false,\"help\":false,\"quiet\":false,\"verbose\":false,\"version\":false,\"ansi\":true,\"no-interaction\":false,\"env\":null},\"hostname\":\"edinstvenij-Zenbook-UX425QA-UM425QA\"}, 2024-08-23 17:23:39, ?, command, 9cd61a87-202f-4215-b3f1-111e40ccf595)) at /home/edinstvenij/PhpstormProjects/Laravel_05_24/vendor/laravel/framework/src/Illuminate/Database/Connection.php:825)
[stacktrace]
#0 /home/edinstvenij/PhpstormProjects/Laravel_05_24/vendor/laravel/framework/src/Illuminate/Database/Connection.php(979): Illuminate\\Database\\Connection->runQueryCallback()
#1 /home/edinstvenij/PhpstormProjects/Laravel_05_24/vendor/laravel/framework/src/Illuminate/Database/Connection.php(958): Illuminate\\Database\\Connection->tryAgainIfCausedByLostConnection()
#2 /home/edinstvenij/PhpstormProjects/Laravel_05_24/vendor/laravel/framework/src/Illuminate/Database/Connection.php(781): Illuminate\\Database\\Connection->handleQueryException()
#3 /home/edinstvenij/PhpstormProjects/Laravel_05_24/vendor/laravel/framework/src/Illuminate/Database/Connection.php(560): Illuminate\\Database\\Connection->run()
#4 /home/edinstvenij/PhpstormProjects/Laravel_05_24/vendor/laravel/framework/src/Illuminate/Database/Connection.php(524): Illuminate\\Database\\Connection->statement()
#5 /home/edinstvenij/PhpstormProjects/Laravel_05_24/vendor/laravel/framework/src/Illuminate/Database/Query/Builder.php(3703): Illuminate\\Database\\Connection->insert()
#6 /home/edinstvenij/PhpstormProjects/Laravel_05_24/vendor/laravel/telescope/src/Storage/DatabaseEntriesRepository.php(147): Illuminate\\Database\\Query\\Builder->insert()
#7 /home/edinstvenij/PhpstormProjects/Laravel_05_24/vendor/laravel/framework/src/Illuminate/Collections/Traits/EnumeratesValues.php(257): Laravel\\Telescope\\Storage\\DatabaseEntriesRepository->Laravel\\Telescope\\Storage\\{closure}()
#8 /home/edinstvenij/PhpstormProjects/Laravel_05_24/vendor/laravel/telescope/src/Storage/DatabaseEntriesRepository.php(146): Illuminate\\Support\\Collection->each()
#9 /home/edinstvenij/PhpstormProjects/Laravel_05_24/vendor/laravel/telescope/src/Telescope.php(661): Laravel\\Telescope\\Storage\\DatabaseEntriesRepository->store()
#10 [internal function]: Laravel\\Telescope\\Telescope::Laravel\\Telescope\\{closure}()
#11 /home/edinstvenij/PhpstormProjects/Laravel_05_24/vendor/laravel/telescope/src/Telescope.php(286): call_user_func()
#12 /home/edinstvenij/PhpstormProjects/Laravel_05_24/vendor/laravel/telescope/src/Telescope.php(653): Laravel\\Telescope\\Telescope::withoutRecording()
#13 /home/edinstvenij/PhpstormProjects/Laravel_05_24/vendor/laravel/telescope/src/ListensForStorageOpportunities.php(65): Laravel\\Telescope\\Telescope::store()
#14 /home/edinstvenij/PhpstormProjects/Laravel_05_24/vendor/laravel/framework/src/Illuminate/Container/BoundMethod.php(36): Laravel\\Telescope\\Telescope::Laravel\\Telescope\\{closure}()
#15 /home/edinstvenij/PhpstormProjects/Laravel_05_24/vendor/laravel/framework/src/Illuminate/Container/Util.php(43): Illuminate\\Container\\BoundMethod::Illuminate\\Container\\{closure}()
#16 /home/edinstvenij/PhpstormProjects/Laravel_05_24/vendor/laravel/framework/src/Illuminate/Container/BoundMethod.php(83): Illuminate\\Container\\Util::unwrapIfClosure()
#17 /home/edinstvenij/PhpstormProjects/Laravel_05_24/vendor/laravel/framework/src/Illuminate/Container/BoundMethod.php(35): Illuminate\\Container\\BoundMethod::callBoundMethod()
#18 /home/edinstvenij/PhpstormProjects/Laravel_05_24/vendor/laravel/framework/src/Illuminate/Container/Container.php(690): Illuminate\\Container\\BoundMethod::call()
#19 /home/edinstvenij/PhpstormProjects/Laravel_05_24/vendor/laravel/framework/src/Illuminate/Foundation/Application.php(1420): Illuminate\\Container\\Container->call()
#20 /home/edinstvenij/PhpstormProjects/Laravel_05_24/vendor/laravel/framework/src/Illuminate/Foundation/Console/Kernel.php(218): Illuminate\\Foundation\\Application->terminate()
#21 /home/edinstvenij/PhpstormProjects/Laravel_05_24/vendor/laravel/framework/src/Illuminate/Foundation/Application.php(1208): Illuminate\\Foundation\\Console\\Kernel->terminate()
#22 /home/edinstvenij/PhpstormProjects/Laravel_05_24/artisan(13): Illuminate\\Foundation\\Application->handleCommand()
#23 {main}

[previous exception] [object] (PDOException(code: 7): SQLSTATE[08006] [7] could not translate host name \"pgsql\" to address: Temporary failure in name resolution at /home/edinstvenij/PhpstormProjects/Laravel_05_24/vendor/laravel/framework/src/Illuminate/Database/Connectors/Connector.php:65)
[stacktrace]
#0 /home/edinstvenij/PhpstormProjects/Laravel_05_24/vendor/laravel/framework/src/Illuminate/Database/Connectors/Connector.php(65): PDO->__construct()
#1 /home/edinstvenij/PhpstormProjects/Laravel_05_24/vendor/laravel/framework/src/Illuminate/Database/Connectors/Connector.php(83): Illuminate\\Database\\Connectors\\Connector->createPdoConnection()
#2 /home/edinstvenij/PhpstormProjects/Laravel_05_24/vendor/laravel/framework/src/Illuminate/Database/Connectors/Connector.php(48): Illuminate\\Database\\Connectors\\Connector->tryAgainIfCausedByLostConnection()
#3 /home/edinstvenij/PhpstormProjects/Laravel_05_24/vendor/laravel/framework/src/Illuminate/Database/Connectors/PostgresConnector.php(35): Illuminate\\Database\\Connectors\\Connector->createConnection()
#4 /home/edinstvenij/PhpstormProjects/Laravel_05_24/vendor/laravel/framework/src/Illuminate/Database/Connectors/ConnectionFactory.php(185): Illuminate\\Database\\Connectors\\PostgresConnector->connect()
#5 [internal function]: Illuminate\\Database\\Connectors\\ConnectionFactory->Illuminate\\Database\\Connectors\\{closure}()
#6 /home/edinstvenij/PhpstormProjects/Laravel_05_24/vendor/laravel/framework/src/Illuminate/Database/Connection.php(1231): call_user_func()
#7 /home/edinstvenij/PhpstormProjects/Laravel_05_24/vendor/laravel/framework/src/Illuminate/Database/Connection.php(565): Illuminate\\Database\\Connection->getPdo()
#8 /home/edinstvenij/PhpstormProjects/Laravel_05_24/vendor/laravel/framework/src/Illuminate/Database/Connection.php(812): Illuminate\\Database\\Connection->Illuminate\\Database\\{closure}()
#9 /home/edinstvenij/PhpstormProjects/Laravel_05_24/vendor/laravel/framework/src/Illuminate/Database/Connection.php(979): Illuminate\\Database\\Connection->runQueryCallback()
#10 /home/edinstvenij/PhpstormProjects/Laravel_05_24/vendor/laravel/framework/src/Illuminate/Database/Connection.php(958): Illuminate\\Database\\Connection->tryAgainIfCausedByLostConnection()
#11 /home/edinstvenij/PhpstormProjects/Laravel_05_24/vendor/laravel/framework/src/Illuminate/Database/Connection.php(781): Illuminate\\Database\\Connection->handleQueryException()
#12 /home/edinstvenij/PhpstormProjects/Laravel_05_24/vendor/laravel/framework/src/Illuminate/Database/Connection.php(560): Illuminate\\Database\\Connection->run()
#13 /home/edinstvenij/PhpstormProjects/Laravel_05_24/vendor/laravel/framework/src/Illuminate/Database/Connection.php(524): Illuminate\\Database\\Connection->statement()
#14 /home/edinstvenij/PhpstormProjects/Laravel_05_24/vendor/laravel/framework/src/Illuminate/Database/Query/Builder.php(3703): Illuminate\\Database\\Connection->insert()
#15 /home/edinstvenij/PhpstormProjects/Laravel_05_24/vendor/laravel/telescope/src/Storage/DatabaseEntriesRepository.php(147): Illuminate\\Database\\Query\\Builder->insert()
#16 /home/edinstvenij/PhpstormProjects/Laravel_05_24/vendor/laravel/framework/src/Illuminate/Collections/Traits/EnumeratesValues.php(257): Laravel\\Telescope\\Storage\\DatabaseEntriesRepository->Laravel\\Telescope\\Storage\\{closure}()
#17 /home/edinstvenij/PhpstormProjects/Laravel_05_24/vendor/laravel/telescope/src/Storage/DatabaseEntriesRepository.php(146): Illuminate\\Support\\Collection->each()
#18 /home/edinstvenij/PhpstormProjects/Laravel_05_24/vendor/laravel/telescope/src/Telescope.php(661): Laravel\\Telescope\\Storage\\DatabaseEntriesRepository->store()
#19 [internal function]: Laravel\\Telescope\\Telescope::Laravel\\Telescope\\{closure}()
#20 /home/edinstvenij/PhpstormProjects/Laravel_05_24/vendor/laravel/telescope/src/Telescope.php(286): call_user_func()
#21 /home/edinstvenij/PhpstormProjects/Laravel_05_24/vendor/laravel/telescope/src/Telescope.php(653): Laravel\\Telescope\\Telescope::withoutRecording()
#22 /home/edinstvenij/PhpstormProjects/Laravel_05_24/vendor/laravel/telescope/src/ListensForStorageOpportunities.php(65): Laravel\\Telescope\\Telescope::store()
#23 /home/edinstvenij/PhpstormProjects/Laravel_05_24/vendor/laravel/framework/src/Illuminate/Container/BoundMethod.php(36): Laravel\\Telescope\\Telescope::Laravel\\Telescope\\{closure}()
#24 /home/edinstvenij/PhpstormProjects/Laravel_05_24/vendor/laravel/framework/src/Illuminate/Container/Util.php(43): Illuminate\\Container\\BoundMethod::Illuminate\\Container\\{closure}()
#25 /home/edinstvenij/PhpstormProjects/Laravel_05_24/vendor/laravel/framework/src/Illuminate/Container/BoundMethod.php(83): Illuminate\\Container\\Util::unwrapIfClosure()
#26 /home/edinstvenij/PhpstormProjects/Laravel_05_24/vendor/laravel/framework/src/Illuminate/Container/BoundMethod.php(35): Illuminate\\Container\\BoundMethod::callBoundMethod()
#27 /home/edinstvenij/PhpstormProjects/Laravel_05_24/vendor/laravel/framework/src/Illuminate/Container/Container.php(690): Illuminate\\Container\\BoundMethod::call()
#28 /home/edinstvenij/PhpstormProjects/Laravel_05_24/vendor/laravel/framework/src/Illuminate/Foundation/Application.php(1420): Illuminate\\Container\\Container->call()
#29 /home/edinstvenij/PhpstormProjects/Laravel_05_24/vendor/laravel/framework/src/Illuminate/Foundation/Console/Kernel.php(218): Illuminate\\Foundation\\Application->terminate()
#30 /home/edinstvenij/PhpstormProjects/Laravel_05_24/vendor/laravel/framework/src/Illuminate/Foundation/Application.php(1208): Illuminate\\Foundation\\Console\\Kernel->terminate()
#31 /home/edinstvenij/PhpstormProjects/Laravel_05_24/artisan(13): Illuminate\\Foundation\\Application->handleCommand()
#32 {main}
"} 
